
Running simulation 51 from inputs/all.in ( All Interacting with 5 particles ) ...

Number of Particles: 5
Dimension: 1
Number of Time Slices: 128
Inverse temperature (beta): 9
Simulation Time Step: 0.01
Simulation Box Size: 6
# of Bins per D: 100
Number of Equilibration Sweeps: 1000
Number of Recording Sweeps: 1000000
Variable Transformation: 0
Thermostat: 1
Interaction: 1
Nose-Hoover Length: 2
Order of Suzuki-Yoshida Factorization: 4
Number of Nose-Hoover Steps: 2

Outputting scalar data to data/traces/scalarTrace-5-1-128-9.0-0.01-6.0-100-1000-1000000-0-1-1-2-4-2.dat.

Outputting Grr data to data/traces/GrrTrace-5-1-128-9.0-0.01-6.0-100-1000-1000000-0-1-1-2-4-2.dat

Outputting Density data to data/traces/RDenTrace-5-1-128-9.0-0.01-6.0-100-1000-1000000-0-1-1-2-4-2.dat

Running Simulation:
0.0000e+00%
1.0000e+01%
2.0000e+01%
3.0000e+01%
4.0000e+01%
5.0000e+01%
6.0000e+01%
7.0000e+01%
8.0000e+01%
9.0000e+01%

Scalar Estimates:
t: 2.5513e+07 (2.6115e+05)
PE: 1.8089e+01 (2.3230e-02)
VE: 1.7110e+01 (6.0390e-02)
R: 2.0660e-02 (1.5211e-02)
R2: 5.1167e+00 (1.6597e-02)
BS: 3.1898e-01 (1.9104e-03)

Done.

