
Running simulation 520 from inputs/all.in ( All Interacting with 5 particles ) ...

Number of Particles: 5
Dimension: 1
Number of Time Slices: 8
Inverse temperature (beta): 8
Simulation Time Step: 0.01
Simulation Box Size: 6
# of Bins per D: 100
Number of Equilibration Sweeps: 1000
Number of Recording Sweeps: 1000000
Variable Transformation: 2
Thermostat: 2
Interaction: 1
Nose-Hoover Length: 2
Order of Suzuki-Yoshida Factorization: 4
Number of Nose-Hoover Steps: 2

Outputting scalar data to data/traces/scalarTrace-5-1-8-8.0-0.01-6.0-100-1000-1000000-2-2-1-2-4-2.dat.

Outputting Grr data to data/traces/GrrTrace-5-1-8-8.0-0.01-6.0-100-1000-1000000-2-2-1-2-4-2.dat

Outputting Density data to data/traces/RDenTrace-5-1-8-8.0-0.01-6.0-100-1000-1000000-2-2-1-2-4-2.dat

Running Simulation:
0.0000e+00%
1.0000e+01%
2.0000e+01%
3.0000e+01%
4.0000e+01%
5.0000e+01%
6.0000e+01%
7.0000e+01%
8.0000e+01%
9.0000e+01%

Scalar Estimates:
t: 5.6323e+05 (5.7553e+03)
PE: 6.4830e+00 (1.1518e-02)
VE: 6.3739e+00 (2.1211e-02)
R: 1.8205e-03 (2.4569e-03)
R2: 3.0648e+00 (4.1843e-03)
BS: 2.3823e-01 (1.1209e-03)

Done.

