
Running simulation 140 from inputs/all.in ( All Interacting with 5 particles ) ...

Number of Particles: 5
Dimension: 1
Number of Time Slices: 8
Inverse temperature (beta): 4
Simulation Time Step: 0.01
Simulation Box Size: 6
# of Bins per D: 100
Number of Equilibration Sweeps: 1000
Number of Recording Sweeps: 1000000
Variable Transformation: 0
Thermostat: 2
Interaction: 1
Nose-Hoover Length: 2
Order of Suzuki-Yoshida Factorization: 4
Number of Nose-Hoover Steps: 2

Outputting scalar data to data/traces/scalarTrace-5-1-8-4.0-0.01-6.0-100-1000-1000000-0-2-1-2-4-2.dat.

Outputting Grr data to data/traces/GrrTrace-5-1-8-4.0-0.01-6.0-100-1000-1000000-0-2-1-2-4-2.dat

Outputting Density data to data/traces/RDenTrace-5-1-8-4.0-0.01-6.0-100-1000-1000000-0-2-1-2-4-2.dat

Running Simulation:
0.0000e+00%
1.0000e+01%
2.0000e+01%
3.0000e+01%
4.0000e+01%
5.0000e+01%
6.0000e+01%
7.0000e+01%
8.0000e+01%
9.0000e+01%

Scalar Estimates:
t: 4.5061e+05 (4.6296e+03)
PE: 9.9012e+00 (1.9366e-02)
VE: 9.3201e+00 (2.8721e-02)
R: 4.9703e-03 (8.2938e-03)
R2: 3.6505e+00 (7.2461e-03)
BS: 2.4764e-01 (9.0825e-04)

Done.

