
Running simulation 557 from inputs/all.in ( All Interacting with 5 particles ) ...

Number of Particles: 5
Dimension: 1
Number of Time Slices: 32
Inverse temperature (beta): 7
Simulation Time Step: 0.01
Simulation Box Size: 6
# of Bins per D: 100
Number of Equilibration Sweeps: 1000
Number of Recording Sweeps: 1000000
Variable Transformation: 2
Thermostat: 2
Interaction: 1
Nose-Hoover Length: 2
Order of Suzuki-Yoshida Factorization: 4
Number of Nose-Hoover Steps: 2

Outputting scalar data to data/traces/scalarTrace-5-1-32-7.0-0.01-6.0-100-1000-1000000-2-2-1-2-4-2.dat.

Outputting Grr data to data/traces/GrrTrace-5-1-32-7.0-0.01-6.0-100-1000-1000000-2-2-1-2-4-2.dat

Outputting Density data to data/traces/RDenTrace-5-1-32-7.0-0.01-6.0-100-1000-1000000-2-2-1-2-4-2.dat

Running Simulation:
0.0000e+00%
1.0000e+01%
2.0000e+01%
3.0000e+01%
4.0000e+01%
5.0000e+01%
6.0000e+01%
7.0000e+01%
8.0000e+01%
9.0000e+01%

Scalar Estimates:
t: 3.8757e+06 (3.9596e+04)
PE: 1.4111e+01 (1.9186e-02)
VE: 1.3358e+01 (2.7352e-02)
R: -6.1831e-03 (2.7714e-03)
R2: 4.4104e+00 (6.3134e-03)
BS: 2.9977e-01 (6.8233e-04)

Done.

