
Running simulation 274 from inputs/all.in ( All Interacting with 5 particles ) ...

Number of Particles: 5
Dimension: 1
Number of Time Slices: 32
Inverse temperature (beta): 2
Simulation Time Step: 0.01
Simulation Box Size: 6
# of Bins per D: 100
Number of Equilibration Sweeps: 1000
Number of Recording Sweeps: 1000000
Variable Transformation: 1
Thermostat: 1
Interaction: 1
Nose-Hoover Length: 2
Order of Suzuki-Yoshida Factorization: 4
Number of Nose-Hoover Steps: 2

Outputting scalar data to data/traces/scalarTrace-5-1-32-2.0-0.01-6.0-100-1000-1000000-1-1-1-2-4-2.dat.

Outputting Grr data to data/traces/GrrTrace-5-1-32-2.0-0.01-6.0-100-1000-1000000-1-1-1-2-4-2.dat

Outputting Density data to data/traces/RDenTrace-5-1-32-2.0-0.01-6.0-100-1000-1000000-1-1-1-2-4-2.dat

Running Simulation:
0.0000e+00%
1.0000e+01%
2.0000e+01%
3.0000e+01%
4.0000e+01%
5.0000e+01%
6.0000e+01%
7.0000e+01%
8.0000e+01%
9.0000e+01%

Scalar Estimates:
t: 6.3516e+06 (6.4814e+04)
PE: 1.8492e+01 (3.3093e-02)
VE: 1.6409e+01 (2.9057e-02)
R: 5.8834e-03 (3.7833e-03)
R2: 5.1962e+00 (7.9017e-03)
BS: 2.4310e-01 (4.8519e-04)

Done.

