
Running simulation 415 from inputs/all.in ( All Interacting with 5 particles ) ...

Number of Particles: 5
Dimension: 1
Number of Time Slices: 4
Inverse temperature (beta): 5
Simulation Time Step: 0.01
Simulation Box Size: 6
# of Bins per D: 100
Number of Equilibration Sweeps: 1000
Number of Recording Sweeps: 1000000
Variable Transformation: 2
Thermostat: 1
Interaction: 1
Nose-Hoover Length: 2
Order of Suzuki-Yoshida Factorization: 4
Number of Nose-Hoover Steps: 2

Outputting scalar data to data/traces/scalarTrace-5-1-4-5.0-0.01-6.0-100-1000-1000000-2-1-1-2-4-2.dat.

Outputting Grr data to data/traces/GrrTrace-5-1-4-5.0-0.01-6.0-100-1000-1000000-2-1-1-2-4-2.dat

Outputting Density data to data/traces/RDenTrace-5-1-4-5.0-0.01-6.0-100-1000-1000000-2-1-1-2-4-2.dat

Running Simulation:
0.0000e+00%
1.0000e+01%
2.0000e+01%
3.0000e+01%
4.0000e+01%
5.0000e+01%
6.0000e+01%
7.0000e+01%
8.0000e+01%
9.0000e+01%

Scalar Estimates:
t: 8.4202e+05 (8.6116e+03)
PE: 5.5509e+00 (2.7154e-02)
VE: 5.3896e+00 (1.8410e-02)
R: -1.9174e-04 (2.9960e-04)
R2: 2.9132e+00 (4.7456e-03)
BS: 1.9823e-01 (3.1484e-03)

Done.

