
Running simulation 110 from inputs/all.in ( All Interacting with 5 particles ) ...

Number of Particles: 5
Dimension: 1
Number of Time Slices: 2
Inverse temperature (beta): 10
Simulation Time Step: 0.01
Simulation Box Size: 6
# of Bins per D: 100
Number of Equilibration Sweeps: 1000
Number of Recording Sweeps: 1000000
Variable Transformation: 0
Thermostat: 2
Interaction: 1
Nose-Hoover Length: 2
Order of Suzuki-Yoshida Factorization: 4
Number of Nose-Hoover Steps: 2

Outputting scalar data to data/traces/scalarTrace-5-1-2-10.0-0.01-6.0-100-1000-1000000-0-2-1-2-4-2.dat.

Outputting Grr data to data/traces/GrrTrace-5-1-2-10.0-0.01-6.0-100-1000-1000000-0-2-1-2-4-2.dat

Outputting Density data to data/traces/RDenTrace-5-1-2-10.0-0.01-6.0-100-1000-1000000-0-2-1-2-4-2.dat

Running Simulation:
0.0000e+00%
1.0000e+01%
2.0000e+01%
3.0000e+01%
4.0000e+01%
5.0000e+01%
6.0000e+01%
7.0000e+01%
8.0000e+01%
9.0000e+01%

Scalar Estimates:
t: 1.2939e+05 (1.3615e+03)
PE: 2.4623e+00 (3.8771e-03)
VE: 2.4194e+00 (6.6805e-03)
R: -3.0505e-03 (2.8266e-03)
R2: 2.4733e+00 (2.6506e-03)
BS: 1.0781e-01 (1.2618e-03)

Done.

