
Running simulation 214 from inputs/all.in ( All Interacting with 5 particles ) ...

Number of Particles: 5
Dimension: 1
Number of Time Slices: 2
Inverse temperature (beta): 2
Simulation Time Step: 0.01
Simulation Box Size: 6
# of Bins per D: 100
Number of Equilibration Sweeps: 1000
Number of Recording Sweeps: 1000000
Variable Transformation: 1
Thermostat: 1
Interaction: 1
Nose-Hoover Length: 2
Order of Suzuki-Yoshida Factorization: 4
Number of Nose-Hoover Steps: 2

Outputting scalar data to data/traces/scalarTrace-5-1-2-2.0-0.01-6.0-100-1000-1000000-1-1-1-2-4-2.dat.

Outputting Grr data to data/traces/GrrTrace-5-1-2-2.0-0.01-6.0-100-1000-1000000-1-1-1-2-4-2.dat

Outputting Density data to data/traces/RDenTrace-5-1-2-2.0-0.01-6.0-100-1000-1000000-1-1-1-2-4-2.dat

Running Simulation:
0.0000e+00%
1.0000e+01%
2.0000e+01%
3.0000e+01%
4.0000e+01%
5.0000e+01%
6.0000e+01%
7.0000e+01%
8.0000e+01%
9.0000e+01%

Scalar Estimates:
t: 4.9374e+05 (5.0489e+03)
PE: 6.6444e+00 (2.6108e-02)
VE: 6.3337e+00 (2.3876e-02)
R: 4.4072e-04 (1.4003e-03)
R2: 3.0976e+00 (6.0619e-03)
BS: 1.4481e-01 (1.6082e-03)

Done.

