
Running simulation 41 from inputs/all.in ( All Interacting with 5 particles ) ...

Number of Particles: 5
Dimension: 1
Number of Time Slices: 8
Inverse temperature (beta): 7
Simulation Time Step: 0.01
Simulation Box Size: 6
# of Bins per D: 100
Number of Equilibration Sweeps: 1000
Number of Recording Sweeps: 1000000
Variable Transformation: 0
Thermostat: 1
Interaction: 1
Nose-Hoover Length: 2
Order of Suzuki-Yoshida Factorization: 4
Number of Nose-Hoover Steps: 2

Outputting scalar data to data/traces/scalarTrace-5-1-8-7.0-0.01-6.0-100-1000-1000000-0-1-1-2-4-2.dat.

Outputting Grr data to data/traces/GrrTrace-5-1-8-7.0-0.01-6.0-100-1000-1000000-0-1-1-2-4-2.dat

Outputting Density data to data/traces/RDenTrace-5-1-8-7.0-0.01-6.0-100-1000-1000000-0-1-1-2-4-2.dat

Running Simulation:
0.0000e+00%
1.0000e+01%
2.0000e+01%
3.0000e+01%
4.0000e+01%
5.0000e+01%
6.0000e+01%
7.0000e+01%
8.0000e+01%
9.0000e+01%

Scalar Estimates:
t: 1.5905e+06 (1.6236e+04)
PE: 7.0635e+00 (2.3772e-02)
VE: 6.8773e+00 (3.6039e-02)
R: -7.3914e-04 (2.1141e-03)
R2: 3.1570e+00 (5.0894e-03)
BS: 2.4181e-01 (2.4200e-03)

Done.

