
Running simulation 207 from inputs/all.in ( All Interacting with 5 particles ) ...

Number of Particles: 5
Dimension: 1
Number of Time Slices: 2
Inverse temperature (beta): 9
Simulation Time Step: 0.01
Simulation Box Size: 6
# of Bins per D: 100
Number of Equilibration Sweeps: 1000
Number of Recording Sweeps: 1000000
Variable Transformation: 1
Thermostat: 1
Interaction: 1
Nose-Hoover Length: 2
Order of Suzuki-Yoshida Factorization: 4
Number of Nose-Hoover Steps: 2

Outputting scalar data to data/traces/scalarTrace-5-1-2-9.0-0.01-6.0-100-1000-1000000-1-1-1-2-4-2.dat.

Outputting Grr data to data/traces/GrrTrace-5-1-2-9.0-0.01-6.0-100-1000-1000000-1-1-1-2-4-2.dat

Outputting Density data to data/traces/RDenTrace-5-1-2-9.0-0.01-6.0-100-1000-1000000-1-1-1-2-4-2.dat

Running Simulation:
0.0000e+00%
1.0000e+01%
2.0000e+01%
3.0000e+01%
4.0000e+01%
5.0000e+01%
6.0000e+01%
7.0000e+01%
8.0000e+01%
9.0000e+01%

Scalar Estimates:
t: 4.3970e+05 (4.5746e+03)
PE: 2.5793e+00 (9.6781e-03)
VE: 2.5327e+00 (1.9178e-02)
R: 6.8752e-05 (1.3338e-04)
R2: 2.4845e+00 (2.8976e-03)
BS: 1.0984e-01 (9.2106e-03)

Done.

