
Running simulation 101 from inputs/all.in ( All Interacting with 5 particles ) ...

Number of Particles: 5
Dimension: 1
Number of Time Slices: 1
Inverse temperature (beta): 7
Simulation Time Step: 0.01
Simulation Box Size: 6
# of Bins per D: 100
Number of Equilibration Sweeps: 1000
Number of Recording Sweeps: 1000000
Variable Transformation: 0
Thermostat: 2
Interaction: 1
Nose-Hoover Length: 2
Order of Suzuki-Yoshida Factorization: 4
Number of Nose-Hoover Steps: 2

Outputting scalar data to data/traces/scalarTrace-5-1-1-7.0-0.01-6.0-100-1000-1000000-0-2-1-2-4-2.dat.

Outputting Grr data to data/traces/GrrTrace-5-1-1-7.0-0.01-6.0-100-1000-1000000-0-2-1-2-4-2.dat

Outputting Density data to data/traces/RDenTrace-5-1-1-7.0-0.01-6.0-100-1000-1000000-0-2-1-2-4-2.dat

Running Simulation:
0.0000e+00%
1.0000e+01%
2.0000e+01%
3.0000e+01%
4.0000e+01%
5.0000e+01%
6.0000e+01%
7.0000e+01%
8.0000e+01%
9.0000e+01%

Scalar Estimates:
t: 7.5152e+04 (9.1218e+02)
PE: 2.1870e+00 (3.3760e-03)
VE: 2.1870e+00 (3.3760e-03)
R: -1.2301e-03 (2.5931e-03)
R2: 2.4415e+00 (2.8237e-03)
BS: 0.0000e+00 (-nan)

Done.

