
Running simulation 433 from inputs/all.in ( All Interacting with 5 particles ) ...

Number of Particles: 5
Dimension: 1
Number of Time Slices: 128
Inverse temperature (beta): 12
Simulation Time Step: 0.01
Simulation Box Size: 6
# of Bins per D: 100
Number of Equilibration Sweeps: 1000
Number of Recording Sweeps: 1000000
Variable Transformation: 2
Thermostat: 1
Interaction: 1
Nose-Hoover Length: 2
Order of Suzuki-Yoshida Factorization: 4
Number of Nose-Hoover Steps: 2

Outputting scalar data to data/traces/scalarTrace-5-1-128-12.0-0.01-6.0-100-1000-1000000-2-1-1-2-4-2.dat.

Outputting Grr data to data/traces/GrrTrace-5-1-128-12.0-0.01-6.0-100-1000-1000000-2-1-1-2-4-2.dat

Outputting Density data to data/traces/RDenTrace-5-1-128-12.0-0.01-6.0-100-1000-1000000-2-1-1-2-4-2.dat

Running Simulation:
0.0000e+00%
1.0000e+01%
2.0000e+01%
3.0000e+01%
4.0000e+01%
5.0000e+01%
6.0000e+01%
7.0000e+01%
8.0000e+01%
9.0000e+01%

Scalar Estimates:
t: 6.3602e+07 (6.5381e+05)
PE: 1.7323e+01 (1.4209e-02)
VE: 1.6456e+01 (2.4869e-02)
R: 5.1222e-04 (8.2060e-04)
R2: 4.9860e+00 (6.2454e-03)
BS: 3.2219e-01 (8.0502e-04)

Done.

