
Running simulation 576 from inputs/all.in ( All Interacting with 5 particles ) ...

Number of Particles: 5
Dimension: 1
Number of Time Slices: 64
Inverse temperature (beta): 0.5
Simulation Time Step: 0.01
Simulation Box Size: 6
# of Bins per D: 100
Number of Equilibration Sweeps: 1000
Number of Recording Sweeps: 1000000
Variable Transformation: 2
Thermostat: 2
Interaction: 1
Nose-Hoover Length: 2
Order of Suzuki-Yoshida Factorization: 4
Number of Nose-Hoover Steps: 2

Outputting scalar data to data/traces/scalarTrace-5-1-64-0.5-0.01-6.0-100-1000-1000000-2-2-1-2-4-2.dat.

Outputting Grr data to data/traces/GrrTrace-5-1-64-0.5-0.01-6.0-100-1000-1000000-2-2-1-2-4-2.dat

Outputting Density data to data/traces/RDenTrace-5-1-64-0.5-0.01-6.0-100-1000-1000000-2-2-1-2-4-2.dat

Running Simulation:
0.0000e+00%
1.0000e+01%
2.0000e+01%
3.0000e+01%
4.0000e+01%
5.0000e+01%
6.0000e+01%
7.0000e+01%
8.0000e+01%
9.0000e+01%

Scalar Estimates:
t: 1.2539e+07 (1.2801e+05)
PE: -2.9672e+90 (2.9364e+90)
VE: 6.2612e+134 (6.1963e+134)
R: -1.6916e+13 (1.7861e+13)
R2: 2.8075e+89 (2.7783e+89)
BS: 7.7531e+41 (7.6352e+41)

Done.

