
Running simulation 425 from inputs/all.in ( All Interacting with 5 particles ) ...

Number of Particles: 5
Dimension: 1
Number of Time Slices: 8
Inverse temperature (beta): 7
Simulation Time Step: 0.01
Simulation Box Size: 6
# of Bins per D: 100
Number of Equilibration Sweeps: 1000
Number of Recording Sweeps: 1000000
Variable Transformation: 2
Thermostat: 1
Interaction: 1
Nose-Hoover Length: 2
Order of Suzuki-Yoshida Factorization: 4
Number of Nose-Hoover Steps: 2

Outputting scalar data to data/traces/scalarTrace-5-1-8-7.0-0.01-6.0-100-1000-1000000-2-1-1-2-4-2.dat.

Outputting Grr data to data/traces/GrrTrace-5-1-8-7.0-0.01-6.0-100-1000-1000000-2-1-1-2-4-2.dat

Outputting Density data to data/traces/RDenTrace-5-1-8-7.0-0.01-6.0-100-1000-1000000-2-1-1-2-4-2.dat

Running Simulation:
0.0000e+00%
1.0000e+01%
2.0000e+01%
3.0000e+01%
4.0000e+01%
5.0000e+01%
6.0000e+01%
7.0000e+01%
8.0000e+01%
9.0000e+01%

Scalar Estimates:
t: 1.7073e+06 (1.7464e+04)
PE: 7.0928e+00 (2.4096e-02)
VE: 6.8773e+00 (1.9220e-02)
R: 6.0173e-05 (2.7254e-04)
R2: 3.1629e+00 (4.9635e-03)
BS: 2.3983e-01 (1.7079e-03)

Done.

