
Running simulation 219 from inputs/all.in ( All Interacting with 5 particles ) ...

Number of Particles: 5
Dimension: 1
Number of Time Slices: 4
Inverse temperature (beta): 9
Simulation Time Step: 0.01
Simulation Box Size: 6
# of Bins per D: 100
Number of Equilibration Sweeps: 1000
Number of Recording Sweeps: 1000000
Variable Transformation: 1
Thermostat: 1
Interaction: 1
Nose-Hoover Length: 2
Order of Suzuki-Yoshida Factorization: 4
Number of Nose-Hoover Steps: 2

Outputting scalar data to data/traces/scalarTrace-5-1-4-9.0-0.01-6.0-100-1000-1000000-1-1-1-2-4-2.dat.

Outputting Grr data to data/traces/GrrTrace-5-1-4-9.0-0.01-6.0-100-1000-1000000-1-1-1-2-4-2.dat

Outputting Density data to data/traces/RDenTrace-5-1-4-9.0-0.01-6.0-100-1000-1000000-1-1-1-2-4-2.dat

Running Simulation:
0.0000e+00%
1.0000e+01%
2.0000e+01%
3.0000e+01%
4.0000e+01%
5.0000e+01%
6.0000e+01%
7.0000e+01%
8.0000e+01%
9.0000e+01%

Scalar Estimates:
t: 8.2253e+05 (8.3981e+03)
PE: 3.7277e+00 (2.6277e-02)
VE: 3.6818e+00 (3.2172e-02)
R: 2.6136e-04 (2.8441e-04)
R2: 2.6391e+00 (3.1053e-03)
BS: 1.7627e-01 (7.7032e-03)

Done.

