
Running simulation 1 from inputs/asdf.in ( asdf ) ...

Number of Particles: 2
Dimension: 1
Number of Time Slices: 64
Inverse temperature (beta): 1
Simulation Time Step: 0.001
Simulation Box Size: 6
# of Bins per D: 100
Number of Equilibration Sweeps: 1000
Number of Recording Sweeps: 1000000
Variable Transformation: 1
Thermostat: 2
Interaction: 1
Nose-Hoover Length: 2
Order of Suzuki-Yoshida Factorization: 4
Number of Nose-Hoover Steps: 2

Outputting scalar data to data/traces/scalarTrace-2-1-64-1.0-0.001-6.0-100-1000-1000000-1-2-1-2-4-2.dat.

Outputting Grr data to data/traces/GrrTrace-2-1-64-1.0-0.001-6.0-100-1000-1000000-1-2-1-2-4-2.dat

Outputting Density data to data/traces/RDenTrace-2-1-64-1.0-0.001-6.0-100-1000-1000000-1-2-1-2-4-2.dat

Running Simulation:
0.0000e+00%
1.0000e+01%
2.0000e+01%
3.0000e+01%
4.0000e+01%
5.0000e+01%
6.0000e+01%
7.0000e+01%
8.0000e+01%
9.0000e+01%

Scalar Estimates:
t: 1.0639e+06 (1.0868e+04)
PE: 2.6804e+00 (2.8504e-01)
VE: 3.1541e+00 (4.3671e-02)
R: -2.0202e-02 (3.4281e-02)
R2: 1.9337e+00 (4.0089e-02)
BS: 2.2206e-01 (1.6451e-03)

Done.

