
Reading input from batchRun.in.
Number of Particles: 1
Dimension: 1
Number of Time Slices: 16
Inverse temperature (beta): 9
Simulation Time Step: 0.1
Simulation Box Size: 1
Number of Equilibration Sweeps: 1
Number of Recording Sweeps: 100000
Staging?: 1
Nose-Hoover?: 1
Nose-Hoover Length: 3
Order of Suzuki-Yoshida Factorization: 4
Number of Nose-Hoover Steps: 5

Outputting data to data/traces/scalarTrace-1-1-16-9.0-0.1-1.0-1-100000-1-1-3-4-5.dat.

Initial Measurements:
PE: 3.2573e-01 VE: 6.0344e-01 R: 4.6078e-01 R2: 6.4912e-01

Running Simulation:
0.0000e+00%
9.9999e+00%
2.0000e+01%
3.0000e+01%
4.0000e+01%
5.0000e+01%
5.9999e+01%
6.9999e+01%
7.9999e+01%
8.9999e+01%
9.9999e+01%

Scalar Estimates:
PE: 4.7850e-01 (4.0121e-03)
VE: 4.8255e-01 (4.0317e-03)
R: -1.2172e-03 (3.8476e-03)
R2: 4.8512e-01 (3.7308e-03)

Done.

