
Reading input from batchRun.in.
Number of Particles: 1
Dimension: 1
Number of Time Slices: 64
Inverse temperature (beta): 8
Simulation Time Step: 0.1
Simulation Box Size: 1
Number of Equilibration Sweeps: 1
Number of Recording Sweeps: 100000
Staging?: 1
Nose-Hoover?: 1
Nose-Hoover Length: 3
Order of Suzuki-Yoshida Factorization: 4
Number of Nose-Hoover Steps: 5

Outputting data to data/traces/scalarTrace-1-1-64-8.0-0.1-1.0-1-100000-1-1-3-4-5.dat.

Initial Measurements:
PE: 6.3525e-01 VE: 5.4527e-01 R: 1.2846e-02 R2: 4.5911e-01

Running Simulation:
0.0000e+00%
9.9999e+00%
2.0000e+01%
3.0000e+01%
4.0000e+01%
5.0000e+01%
5.9999e+01%
6.9999e+01%
7.9999e+01%
8.9999e+01%
9.9999e+01%

Scalar Estimates:
PE: 4.8129e-01 (8.2562e-03)
VE: 4.9776e-01 (3.7305e-03)
R: -5.4130e-03 (3.1991e-03)
R2: 5.0029e-01 (3.2565e-03)

Done.

