
Reading input from batchRun.in.
Number of Particles: 1
Dimension: 1
Number of Time Slices: 64
Inverse temperature (beta): 10
Simulation Time Step: 0.1
Simulation Box Size: 1
Number of Equilibration Sweeps: 1
Number of Recording Sweeps: 100000
Staging?: 1
Nose-Hoover?: 1
Nose-Hoover Length: 2
Order of Suzuki-Yoshida Factorization: 4
Number of Nose-Hoover Steps: 5

Outputting data to data/traces/scalarTrace-1-1-64-10.0-0.1-1.0-1-100000-1-1-2-4-5.dat.

Initial Measurements:
PE: 2.1961e+00 VE: 3.3827e+00 R: 1.8147e+00 R2: 4.6242e+00

Running Simulation:
0.0000e+00%
9.9999e+00%
2.0000e+01%
3.0000e+01%
4.0000e+01%
5.0000e+01%
5.9999e+01%
6.9999e+01%
7.9999e+01%
8.9999e+01%
9.9999e+01%

Scalar Estimates:
PE: 5.0517e-01 (7.2916e-03)
VE: 5.0908e-01 (4.4715e-03)
R: -3.0040e-04 (2.9184e-03)
R2: 5.0765e-01 (3.5631e-03)

Done.

