
Reading input from batchRun.in.
Number of Particles: 1
Dimension: 1
Number of Time Slices: 64
Inverse temperature (beta): 10
Simulation Time Step: 0.1
Simulation Box Size: 1
Number of Equilibration Sweeps: 1
Number of Recording Sweeps: 100000
Staging?: 1
Nose-Hoover?: 1
Nose-Hoover Length: 3
Order of Suzuki-Yoshida Factorization: 4
Number of Nose-Hoover Steps: 5

Outputting data to data/traces/scalarTrace-1-1-64-10.0-0.1-1.0-1-100000-1-1-3-4-5.dat.

Initial Measurements:
PE: -2.8776e-01 VE: 4.0538e-01 R: 2.9271e-01 R2: 4.2285e-01

Running Simulation:
0.0000e+00%
9.9999e+00%
2.0000e+01%
3.0000e+01%
4.0000e+01%
5.0000e+01%
5.9999e+01%
6.9999e+01%
7.9999e+01%
8.9999e+01%
9.9999e+01%

Scalar Estimates:
PE: 4.8829e-01 (7.2233e-03)
VE: 4.9919e-01 (3.5256e-03)
R: 3.9253e-05 (2.8088e-03)
R2: 4.9508e-01 (3.4418e-03)

Done.

