
Reading input from batchRun.in.
Number of Particles: 1
Dimension: 1
Number of Time Slices: 8
Inverse temperature (beta): 8
Simulation Time Step: 0.1
Simulation Box Size: 1
Number of Equilibration Sweeps: 1
Number of Recording Sweeps: 100000
Staging?: 1
Nose-Hoover?: 1
Nose-Hoover Length: 3
Order of Suzuki-Yoshida Factorization: 4
Number of Nose-Hoover Steps: 5

Outputting data to data/traces/scalarTrace-1-1-8-8.0-0.1-1.0-1-100000-1-1-3-4-5.dat.

Initial Measurements:
PE: 4.6836e-01 VE: 1.4592e+00 R: 2.5262e-01 R2: 1.2336e+00

Running Simulation:
0.0000e+00%
9.9999e+00%
2.0000e+01%
3.0000e+01%
4.0000e+01%
5.0000e+01%
5.9999e+01%
6.9999e+01%
7.9999e+01%
8.9999e+01%
9.9999e+01%

Scalar Estimates:
PE: 4.5278e-01 (2.3974e-03)
VE: 4.4273e-01 (4.5763e-03)
R: -3.7315e-04 (4.4255e-03)
R2: 4.5410e-01 (4.5847e-03)

Done.

