
Reading input from batchRun.in.
Number of Particles: 1
Dimension: 1
Number of Time Slices: 16
Inverse temperature (beta): 3
Simulation Time Step: 0.1
Simulation Box Size: 1
Number of Equilibration Sweeps: 1
Number of Recording Sweeps: 100000
Staging?: 1
Nose-Hoover?: 1
Nose-Hoover Length: 3
Order of Suzuki-Yoshida Factorization: 4
Number of Nose-Hoover Steps: 5

Outputting data to data/traces/scalarTrace-1-1-16-3.0-0.1-1.0-1-100000-1-1-3-4-5.dat.

Initial Measurements:
PE: 5.8693e-01 VE: 3.8995e-01 R: -1.1004e-01 R2: 2.5865e-01

Running Simulation:
0.0000e+00%
9.9999e+00%
2.0000e+01%
3.0000e+01%
4.0000e+01%
5.0000e+01%
5.9999e+01%
6.9999e+01%
7.9999e+01%
8.9999e+01%
9.9999e+01%

Scalar Estimates:
PE: 5.4274e-01 (9.4776e-03)
VE: 5.3181e-01 (3.2773e-03)
R: -1.0432e-02 (6.8370e-03)
R2: 5.4976e-01 (5.3036e-03)

Done.

