
Reading input from batchRun.in.
Number of Particles: 1
Dimension: 1
Number of Time Slices: 8
Inverse temperature (beta): 1
Simulation Time Step: 0.1
Simulation Box Size: 1
Number of Equilibration Sweeps: 1
Number of Recording Sweeps: 100000
Staging?: 1
Nose-Hoover?: 1
Nose-Hoover Length: 3
Order of Suzuki-Yoshida Factorization: 4
Number of Nose-Hoover Steps: 5

Outputting data to data/traces/scalarTrace-1-1-8-1.0-0.1-1.0-1-100000-1-1-3-4-5.dat.

Initial Measurements:
PE: 1.8296e+00 VE: 5.3563e-01 R: 1.9163e-01 R2: 6.2539e-02

Running Simulation:
0.0000e+00%
9.9999e+00%
2.0000e+01%
3.0000e+01%
4.0000e+01%
5.0000e+01%
5.9999e+01%
6.9999e+01%
7.9999e+01%
8.9999e+01%
9.9999e+01%

Scalar Estimates:
PE: 1.0081e+00 (1.5553e-02)
VE: 1.0787e+00 (9.1522e-03)
R: 1.4080e-02 (1.5552e-02)
R2: 1.0847e+00 (1.7764e-02)

Done.

