
Reading input from batchRun.in.
Number of Particles: 1
Dimension: 1
Number of Time Slices: 32
Inverse temperature (beta): 10
Simulation Time Step: 0.1
Simulation Box Size: 1
Number of Equilibration Sweeps: 1
Number of Recording Sweeps: 100000
Staging?: 1
Nose-Hoover?: 1
Nose-Hoover Length: 3
Order of Suzuki-Yoshida Factorization: 4
Number of Nose-Hoover Steps: 5

Outputting data to data/traces/scalarTrace-1-1-32-10.0-0.1-1.0-1-100000-1-1-3-4-5.dat.

Initial Measurements:
PE: 3.7923e-01 VE: 1.7416e+00 R: -2.3637e-01 R2: 1.3171e+00

Running Simulation:
0.0000e+00%
9.9999e+00%
2.0000e+01%
3.0000e+01%
4.0000e+01%
5.0000e+01%
5.9999e+01%
6.9999e+01%
7.9999e+01%
8.9999e+01%
9.9999e+01%

Scalar Estimates:
PE: 4.8346e-01 (5.5013e-03)
VE: 4.9832e-01 (3.6731e-03)
R: -1.7063e-03 (3.3182e-03)
R2: 4.9892e-01 (3.6395e-03)

Done.

