
Reading input from batchRun.in.
Number of Particles: 1
Dimension: 1
Number of Time Slices: 32
Inverse temperature (beta): 2
Simulation Time Step: 0.1
Simulation Box Size: 1
Number of Equilibration Sweeps: 1
Number of Recording Sweeps: 100000
Staging?: 1
Nose-Hoover?: 1
Nose-Hoover Length: 3
Order of Suzuki-Yoshida Factorization: 4
Number of Nose-Hoover Steps: 5

Outputting data to data/traces/scalarTrace-1-1-32-2.0-0.1-1.0-1-100000-1-1-3-4-5.dat.

Initial Measurements:
PE: -1.0356e-01 VE: 6.5024e-01 R: -1.2008e-01 R2: 4.3149e-01

Running Simulation:
0.0000e+00%
9.9999e+00%
2.0000e+01%
3.0000e+01%
4.0000e+01%
5.0000e+01%
5.9999e+01%
6.9999e+01%
7.9999e+01%
8.9999e+01%
9.9999e+01%

Scalar Estimates:
PE: 4.9383e-01 (1.5157e-02)
VE: 6.3926e-01 (4.2721e-03)
R: -6.1554e-03 (1.0469e-02)
R2: 6.5151e-01 (7.8216e-03)

Done.

