
Reading input from batchRun.in.
Number of Particles: 1
Dimension: 1
Number of Time Slices: 64
Inverse temperature (beta): 1
Simulation Time Step: 0.1
Simulation Box Size: 1
Number of Equilibration Sweeps: 1
Number of Recording Sweeps: 100000
Staging?: 1
Nose-Hoover?: 1
Nose-Hoover Length: 3
Order of Suzuki-Yoshida Factorization: 4
Number of Nose-Hoover Steps: 5

Outputting data to data/traces/scalarTrace-1-1-64-1.0-0.1-1.0-1-100000-1-1-3-4-5.dat.

Initial Measurements:
PE: -9.2862e-01 VE: 7.6349e-01 R: 5.7386e-01 R2: 4.6242e-01

Running Simulation:
0.0000e+00%
9.9999e+00%
2.0000e+01%
3.0000e+01%
4.0000e+01%
5.0000e+01%
5.9999e+01%
6.9999e+01%
7.9999e+01%
8.9999e+01%
9.9999e+01%

Scalar Estimates:
PE: -4.9068e+00 (2.9458e-02)
VE: 1.0984e+00 (1.0066e-02)
R: -2.0077e-03 (1.6040e-02)
R2: 1.1069e+00 (1.9430e-02)

Done.

