
Reading input from batchRun.in.
Number of Particles: 1
Dimension: 1
Number of Time Slices: 64
Inverse temperature (beta): 5
Simulation Time Step: 0.1
Simulation Box Size: 1
Number of Equilibration Sweeps: 1
Number of Recording Sweeps: 100000
Staging?: 1
Nose-Hoover?: 1
Nose-Hoover Length: 3
Order of Suzuki-Yoshida Factorization: 4
Number of Nose-Hoover Steps: 5

Outputting data to data/traces/scalarTrace-1-1-64-5.0-0.1-1.0-1-100000-1-1-3-4-5.dat.

Initial Measurements:
PE: 2.0041e+00 VE: 2.2667e-01 R: 2.1369e-01 R2: 1.8275e-01

Running Simulation:
0.0000e+00%
9.9999e+00%
2.0000e+01%
3.0000e+01%
4.0000e+01%
5.0000e+01%
5.9999e+01%
6.9999e+01%
7.9999e+01%
8.9999e+01%
9.9999e+01%

Scalar Estimates:
PE: 4.5263e-01 (1.0978e-02)
VE: 4.9446e-01 (4.0474e-03)
R: -7.2722e-04 (4.1437e-03)
R2: 5.0905e-01 (4.2445e-03)

Done.

