
Reading input from batchRun.in.
Number of Particles: 1
Dimension: 1
Number of Time Slices: 64
Inverse temperature (beta): 8
Simulation Time Step: 0.1
Simulation Box Size: 1
Number of Equilibration Sweeps: 1
Number of Recording Sweeps: 100000
Staging?: 1
Nose-Hoover?: 1
Nose-Hoover Length: 2
Order of Suzuki-Yoshida Factorization: 4
Number of Nose-Hoover Steps: 5

Outputting data to data/traces/scalarTrace-1-1-64-8.0-0.1-1.0-1-100000-1-1-2-4-5.dat.

Initial Measurements:
PE: 1.3696e+00 VE: 4.9724e-01 R: 6.3271e-01 R2: 6.5858e-01

Running Simulation:
0.0000e+00%
9.9999e+00%
2.0000e+01%
3.0000e+01%
4.0000e+01%
5.0000e+01%
5.9999e+01%
6.9999e+01%
7.9999e+01%
8.9999e+01%
9.9999e+01%

Scalar Estimates:
PE: 4.8601e-01 (8.3976e-03)
VE: 4.9767e-01 (3.7699e-03)
R: 2.5300e-03 (3.2254e-03)
R2: 5.0186e-01 (3.3245e-03)

Done.

