
Reading input from batchRun.in.
Number of Particles: 1
Dimension: 1
Number of Time Slices: 32
Inverse temperature (beta): 4
Simulation Time Step: 0.1
Simulation Box Size: 1
Number of Equilibration Sweeps: 1
Number of Recording Sweeps: 100000
Staging?: 1
Nose-Hoover?: 1
Nose-Hoover Length: 3
Order of Suzuki-Yoshida Factorization: 4
Number of Nose-Hoover Steps: 5

Outputting data to data/traces/scalarTrace-1-1-32-4.0-0.1-1.0-1-100000-1-1-3-4-5.dat.

Initial Measurements:
PE: 1.6991e+00 VE: 6.7590e-01 R: -7.3490e-01 R2: 8.3312e-01

Running Simulation:
0.0000e+00%
9.9999e+00%
2.0000e+01%
3.0000e+01%
4.0000e+01%
5.0000e+01%
5.9999e+01%
6.9999e+01%
7.9999e+01%
8.9999e+01%
9.9999e+01%

Scalar Estimates:
PE: 4.9959e-01 (9.9814e-03)
VE: 5.1058e-01 (3.2301e-03)
R: -2.6876e-03 (5.4246e-03)
R2: 5.3206e-01 (4.5981e-03)

Done.

