
Reading input from batchRun.in.
Number of Particles: 1
Dimension: 1
Number of Time Slices: 32
Inverse temperature (beta): 6
Simulation Time Step: 0.1
Simulation Box Size: 1
Number of Equilibration Sweeps: 1
Number of Recording Sweeps: 100000
Staging?: 1
Nose-Hoover?: 1
Nose-Hoover Length: 3
Order of Suzuki-Yoshida Factorization: 4
Number of Nose-Hoover Steps: 5

Outputting data to data/traces/scalarTrace-1-1-32-6.0-0.1-1.0-1-100000-1-1-3-4-5.dat.

Initial Measurements:
PE: 1.0215e+00 VE: 1.3458e+00 R: -6.3128e-01 R2: 1.3658e+00

Running Simulation:
0.0000e+00%
9.9999e+00%
2.0000e+01%
3.0000e+01%
4.0000e+01%
5.0000e+01%
5.9999e+01%
6.9999e+01%
7.9999e+01%
8.9999e+01%
9.9999e+01%

Scalar Estimates:
PE: 5.0523e-01 (7.6578e-03)
VE: 4.9062e-01 (3.3641e-03)
R: -1.5011e-03 (4.2979e-03)
R2: 5.0264e-01 (3.9873e-03)

Done.

