
Reading input from batchRun.in.
Number of Particles: 1
Dimension: 1
Number of Time Slices: 16
Inverse temperature (beta): 7
Simulation Time Step: 0.1
Simulation Box Size: 1
Number of Equilibration Sweeps: 1
Number of Recording Sweeps: 100000
Staging?: 1
Nose-Hoover?: 1
Nose-Hoover Length: 3
Order of Suzuki-Yoshida Factorization: 4
Number of Nose-Hoover Steps: 5

Outputting data to data/traces/scalarTrace-1-1-16-7.0-0.1-1.0-1-100000-1-1-3-4-5.dat.

Initial Measurements:
PE: 7.5288e-01 VE: 1.4173e+00 R: 1.3093e+00 R2: 2.0945e+00

Running Simulation:
0.0000e+00%
9.9999e+00%
2.0000e+01%
3.0000e+01%
4.0000e+01%
5.0000e+01%
5.9999e+01%
6.9999e+01%
7.9999e+01%
8.9999e+01%
9.9999e+01%

Scalar Estimates:
PE: 4.8788e-01 (4.8611e-03)
VE: 4.8063e-01 (3.7739e-03)
R: -3.9814e-03 (4.3296e-03)
R2: 4.8737e-01 (3.7941e-03)

Done.

