
Reading input from batchRun.in.
Number of Particles: 1
Dimension: 1
Number of Time Slices: 64
Inverse temperature (beta): 1
Simulation Time Step: 0.1
Simulation Box Size: 1
Number of Equilibration Sweeps: 1
Number of Recording Sweeps: 100000
Staging?: 1
Nose-Hoover?: 1
Nose-Hoover Length: 2
Order of Suzuki-Yoshida Factorization: 4
Number of Nose-Hoover Steps: 5

Outputting data to data/traces/scalarTrace-1-1-64-1.0-0.1-1.0-1-100000-1-1-2-4-5.dat.

Initial Measurements:
PE: 6.5702e+00 VE: 5.7066e-01 R: -5.0992e-02 R2: 9.5782e-02

Running Simulation:
0.0000e+00%
9.9999e+00%
2.0000e+01%
3.0000e+01%
4.0000e+01%
5.0000e+01%
5.9999e+01%
6.9999e+01%
7.9999e+01%
8.9999e+01%
9.9999e+01%

Scalar Estimates:
PE: -4.8790e+00 (2.9614e-02)
VE: 1.1160e+00 (1.0435e-02)
R: -1.6755e-03 (1.6602e-02)
R2: 1.1417e+00 (2.0182e-02)

Done.

