
Reading input from batchRun.in.
Number of Particles: 1
Dimension: 1
Number of Time Slices: 8
Inverse temperature (beta): 10
Simulation Time Step: 0.1
Simulation Box Size: 1
Number of Equilibration Sweeps: 1
Number of Recording Sweeps: 100000
Staging?: 1
Nose-Hoover?: 1
Nose-Hoover Length: 3
Order of Suzuki-Yoshida Factorization: 4
Number of Nose-Hoover Steps: 5

Outputting data to data/traces/scalarTrace-1-1-8-10.0-0.1-1.0-1-100000-1-1-3-4-5.dat.

Initial Measurements:
PE: 5.3770e-01 VE: 6.8500e-01 R: -4.0458e-01 R2: 6.9005e-01

Running Simulation:
0.0000e+00%
9.9999e+00%
2.0000e+01%
3.0000e+01%
4.0000e+01%
5.0000e+01%
5.9999e+01%
6.9999e+01%
7.9999e+01%
8.9999e+01%
9.9999e+01%

Scalar Estimates:
PE: 4.2795e-01 (2.3379e-03)
VE: 4.1592e-01 (4.3278e-03)
R: -1.0975e-03 (3.9196e-03)
R2: 4.2862e-01 (4.2665e-03)

Done.

