
Reading input from batchRun.in.
Number of Particles: 1
Dimension: 1
Number of Time Slices: 16
Inverse temperature (beta): 1
Simulation Time Step: 0.1
Simulation Box Size: 1
Number of Equilibration Sweeps: 1
Number of Recording Sweeps: 100000
Staging?: 1
Nose-Hoover?: 1
Nose-Hoover Length: 3
Order of Suzuki-Yoshida Factorization: 4
Number of Nose-Hoover Steps: 5

Outputting data to data/traces/scalarTrace-1-1-16-1.0-0.1-1.0-1-100000-1-1-3-4-5.dat.

Initial Measurements:
PE: -8.6462e+00 VE: 8.8858e-01 R: 5.6419e-01 R2: 5.9111e-01

Running Simulation:
0.0000e+00%
9.9999e+00%
2.0000e+01%
3.0000e+01%
4.0000e+01%
5.0000e+01%
5.9999e+01%
6.9999e+01%
7.9999e+01%
8.9999e+01%
9.9999e+01%

Scalar Estimates:
PE: 7.8196e-01 (1.8418e-02)
VE: 1.0789e+00 (9.2788e-03)
R: 3.0286e-04 (1.5701e-02)
R2: 1.0814e+00 (1.7994e-02)

Done.

