
Reading input from batchRun.in.
Number of Particles: 1
Dimension: 1
Number of Time Slices: 16
Inverse temperature (beta): 2
Simulation Time Step: 0.1
Simulation Box Size: 1
Number of Equilibration Sweeps: 1
Number of Recording Sweeps: 100000
Staging?: 1
Nose-Hoover?: 1
Nose-Hoover Length: 3
Order of Suzuki-Yoshida Factorization: 4
Number of Nose-Hoover Steps: 5

Outputting data to data/traces/scalarTrace-1-1-16-2.0-0.1-1.0-1-100000-1-1-3-4-5.dat.

Initial Measurements:
PE: 2.2792e+00 VE: 2.9160e-01 R: 1.4128e-01 R2: 6.8020e-02

Running Simulation:
0.0000e+00%
9.9999e+00%
2.0000e+01%
3.0000e+01%
4.0000e+01%
5.0000e+01%
5.9999e+01%
6.9999e+01%
7.9999e+01%
8.9999e+01%
9.9999e+01%

Scalar Estimates:
PE: 6.1154e-01 (1.2404e-02)
VE: 6.4607e-01 (4.3336e-03)
R: -1.4584e-02 (1.0302e-02)
R2: 6.6334e-01 (7.9084e-03)

Done.

