
Reading input from batchRun.in.
Number of Particles: 1
Dimension: 1
Number of Time Slices: 64
Inverse temperature (beta): 2
Simulation Time Step: 0.1
Simulation Box Size: 1
Number of Equilibration Sweeps: 1
Number of Recording Sweeps: 100000
Staging?: 1
Nose-Hoover?: 1
Nose-Hoover Length: 3
Order of Suzuki-Yoshida Factorization: 4
Number of Nose-Hoover Steps: 5

Outputting data to data/traces/scalarTrace-1-1-64-2.0-0.1-1.0-1-100000-1-1-3-4-5.dat.

Initial Measurements:
PE: -1.1749e-01 VE: 8.0371e-01 R: 8.1156e-01 R2: 9.2484e-01

Running Simulation:
0.0000e+00%
9.9999e+00%
2.0000e+01%
3.0000e+01%
4.0000e+01%
5.0000e+01%
5.9999e+01%
6.9999e+01%
7.9999e+01%
8.9999e+01%
9.9999e+01%

Scalar Estimates:
PE: 5.4100e-03 (1.8220e-02)
VE: 6.4827e-01 (4.6193e-03)
R: -1.3704e-02 (1.0779e-02)
R2: 6.6575e-01 (8.4619e-03)

Done.

