
Reading input from batchRun.in.
Number of Particles: 1
Dimension: 1
Number of Time Slices: 64
Inverse temperature (beta): 3
Simulation Time Step: 0.1
Simulation Box Size: 1
Number of Equilibration Sweeps: 1
Number of Recording Sweeps: 100000
Staging?: 1
Nose-Hoover?: 1
Nose-Hoover Length: 3
Order of Suzuki-Yoshida Factorization: 4
Number of Nose-Hoover Steps: 5

Outputting data to data/traces/scalarTrace-1-1-64-3.0-0.1-1.0-1-100000-1-1-3-4-5.dat.

Initial Measurements:
PE: 1.4568e+00 VE: 5.9100e-01 R: -6.8787e-01 R2: 7.0564e-01

Running Simulation:
0.0000e+00%
9.9999e+00%
2.0000e+01%
3.0000e+01%
4.0000e+01%
5.0000e+01%
5.9999e+01%
6.9999e+01%
7.9999e+01%
8.9999e+01%
9.9999e+01%

Scalar Estimates:
PE: 3.7544e-01 (1.4324e-02)
VE: 5.3781e-01 (3.3288e-03)
R: 2.1707e-04 (8.2145e-03)
R2: 5.5915e-01 (5.4014e-03)

Done.

