
Reading input from batchRun.in.
Number of Particles: 1
Dimension: 1
Number of Time Slices: 64
Inverse temperature (beta): 5
Simulation Time Step: 0.1
Simulation Box Size: 1
Number of Equilibration Sweeps: 1
Number of Recording Sweeps: 100000
Staging?: 1
Nose-Hoover?: 1
Nose-Hoover Length: 2
Order of Suzuki-Yoshida Factorization: 4
Number of Nose-Hoover Steps: 5

Outputting data to data/traces/scalarTrace-1-1-64-5.0-0.1-1.0-1-100000-1-1-2-4-5.dat.

Initial Measurements:
PE: 1.5439e+00 VE: 5.9398e-01 R: -1.1402e-01 R2: 4.7891e-01

Running Simulation:
0.0000e+00%
9.9999e+00%
2.0000e+01%
3.0000e+01%
4.0000e+01%
5.0000e+01%
5.9999e+01%
6.9999e+01%
7.9999e+01%
8.9999e+01%
9.9999e+01%

Scalar Estimates:
PE: 4.6931e-01 (1.0600e-02)
VE: 5.0708e-01 (2.9745e-03)
R: 3.6950e-03 (4.1477e-03)
R2: 5.2075e-01 (3.8209e-03)

Done.

