
Reading input from batchRun.in.
Number of Particles: 1
Dimension: 1
Number of Time Slices: 64
Inverse temperature (beta): 3
Simulation Time Step: 0.1
Simulation Box Size: 1
Number of Equilibration Sweeps: 1
Number of Recording Sweeps: 100000
Staging?: 1
Nose-Hoover?: 1
Nose-Hoover Length: 2
Order of Suzuki-Yoshida Factorization: 4
Number of Nose-Hoover Steps: 5

Outputting data to data/traces/scalarTrace-1-1-64-3.0-0.1-1.0-1-100000-1-1-2-4-5.dat.

Initial Measurements:
PE: 2.3178e+00 VE: 4.2863e-01 R: -8.8321e-02 R2: 2.8735e-01

Running Simulation:
0.0000e+00%
9.9999e+00%
2.0000e+01%
3.0000e+01%
4.0000e+01%
5.0000e+01%
5.9999e+01%
6.9999e+01%
7.9999e+01%
8.9999e+01%
9.9999e+01%

Scalar Estimates:
PE: 3.4864e-01 (1.4569e-02)
VE: 5.3904e-01 (3.2129e-03)
R: -3.5592e-03 (8.2025e-03)
R2: 5.5909e-01 (5.2280e-03)

Done.

