
Running simulation 6 from inputs/beads2_121_m08.in ( M = 8 ) ...

Number of Particles: 2
Dimension: 1
Number of Time Slices: 8
Inverse temperature (beta): 6
Simulation Time Step: 0.01
Simulation Box Size: 6
# of Bins per D: 100
Number of Equilibration Sweeps: 1000
Number of Recording Sweeps: 1000000
Variable Transformation: 1
Thermostat: 2
Interaction: 1
Nose-Hoover Length: 2
Order of Suzuki-Yoshida Factorization: 4
Number of Nose-Hoover Steps: 2

Outputting scalar data to data/traces/scalarTrace-2-1-8-6.0-0.01-6.0-100-1000-1000000-1-2-1-2-4-2.dat.

Outputting Grr data to data/traces/GrrTrace-2-1-8-6.0-0.01-6.0-100-1000-1000000-1-2-1-2-4-2.dat

Outputting Density data to data/traces/RDenTrace-2-1-8-6.0-0.01-6.0-100-1000-1000000-1-2-1-2-4-2.dat

Running Simulation:
0.0000e+00%
1.0000e+01%
2.0000e+01%
3.0000e+01%
4.0000e+01%
5.0000e+01%
6.0000e+01%
7.0000e+01%
8.0000e+01%
9.0000e+01%

Scalar Estimates:
t: 1.4081e+05 (1.4968e+03)
PE: 1.1701e+00 (7.2352e-03)
VE: 1.3167e+00 (1.3990e-02)
R: 6.0129e-04 (4.6139e-03)
R2: 9.6122e-01 (5.6899e-03)
BS: 3.6160e-01 (1.8747e-03)

Done.

