
Running simulation 7 from inputs/beads_010_m32_Eff.in ( No Transformation, Nose-Hoover ) ...

Number of Particles: 1
Dimension: 1
Number of Time Slices: 32
Inverse temperature (beta): 5
Simulation Time Step: 0.01
Simulation Box Size: 6
# of Bins per D: 100
Number of Equilibration Sweeps: 1000
Number of Recording Sweeps: 10000000
Variable Transformation: 0
Thermostat: 1
Interaction: 0
Nose-Hoover Length: 2
Order of Suzuki-Yoshida Factorization: 4
Number of Nose-Hoover Steps: 2

Outputting scalar data to data/traces/scalarTrace-1-1-32-5.0-0.01-6.0-100-1000-10000000-0-1-0-2-4-2.dat.

Outputting Grr data to data/traces/GrrTrace-1-1-32-5.0-0.01-6.0-100-1000-10000000-0-1-0-2-4-2.dat

Outputting Density data to data/traces/RDenTrace-1-1-32-5.0-0.01-6.0-100-1000-10000000-0-1-0-2-4-2.dat

Running Simulation:
0.0000e+00%
1.0000e+01%
2.0000e+01%
3.0000e+01%
4.0000e+01%
5.0000e+01%
6.0000e+01%
7.0000e+01%
8.0000e+01%
9.0000e+01%

Scalar Estimates:
t: 1.1351e+07 (1.1589e+05)
PE: 5.0433e-01 (3.0140e-03)
VE: 4.9501e-01 (2.2883e-03)
R: -1.0242e-02 (6.7282e-03)
R2: 5.0936e-01 (3.5153e-03)
BS: 4.4203e-01 (1.0189e-03)

Done.

