
Running simulation 5 from inputs/beads_210_m32_Eff.in ( Normal Mode, Nose-Hoover ) ...

Number of Particles: 1
Dimension: 1
Number of Time Slices: 32
Inverse temperature (beta): 7
Simulation Time Step: 0.01
Simulation Box Size: 6
# of Bins per D: 100
Number of Equilibration Sweeps: 1000
Number of Recording Sweeps: 10000000
Variable Transformation: 2
Thermostat: 1
Interaction: 0
Nose-Hoover Length: 2
Order of Suzuki-Yoshida Factorization: 4
Number of Nose-Hoover Steps: 2

Outputting scalar data to data/traces/scalarTrace-1-1-32-7.0-0.01-6.0-100-1000-10000000-2-1-0-2-4-2.dat.

Outputting Grr data to data/traces/GrrTrace-1-1-32-7.0-0.01-6.0-100-1000-10000000-2-1-0-2-4-2.dat

Outputting Density data to data/traces/RDenTrace-1-1-32-7.0-0.01-6.0-100-1000-10000000-2-1-0-2-4-2.dat

Running Simulation:
0.0000e+00%
1.0000e+01%
2.0000e+01%
3.0000e+01%
4.0000e+01%
5.0000e+01%
6.0000e+01%
7.0000e+01%
8.0000e+01%
9.0000e+01%

Scalar Estimates:
t: 1.5674e+07 (1.5994e+05)
PE: 5.0078e-01 (1.8355e-03)
VE: 4.9196e-01 (1.7534e-03)
R: 1.7664e-03 (1.5954e-03)
R2: 4.9878e-01 (1.6825e-03)
BS: 4.7602e-01 (1.1140e-03)

Done.

