
Running simulation 9 from inputs/beads_020_m32_Eff.in ( No Transformation, Langevin ) ...

Number of Particles: 1
Dimension: 1
Number of Time Slices: 32
Inverse temperature (beta): 3
Simulation Time Step: 0.01
Simulation Box Size: 6
# of Bins per D: 100
Number of Equilibration Sweeps: 1000
Number of Recording Sweeps: 10000000
Variable Transformation: 0
Thermostat: 2
Interaction: 0
Nose-Hoover Length: 2
Order of Suzuki-Yoshida Factorization: 4
Number of Nose-Hoover Steps: 2

Outputting scalar data to data/traces/scalarTrace-1-1-32-3.0-0.01-6.0-100-1000-10000000-0-2-0-2-4-2.dat.

Outputting Grr data to data/traces/GrrTrace-1-1-32-3.0-0.01-6.0-100-1000-10000000-0-2-0-2-4-2.dat

Outputting Density data to data/traces/RDenTrace-1-1-32-3.0-0.01-6.0-100-1000-10000000-0-2-0-2-4-2.dat

Running Simulation:
0.0000e+00%
1.0000e+01%
2.0000e+01%
3.0000e+01%
4.0000e+01%
5.0000e+01%
6.0000e+01%
7.0000e+01%
8.0000e+01%
9.0000e+01%

Scalar Estimates:
t: 2.2206e+06 (2.2690e+04)
PE: 5.5731e-01 (9.8295e-03)
VE: 5.3503e-01 (5.6577e-03)
R: -1.0788e-02 (1.7224e-02)
R2: 5.5543e-01 (1.0194e-02)
BS: 3.7265e-01 (1.0316e-03)

Done.

