
Running simulation 14 from inputs/beads2_121.in ( 2 Particles with Interaction ) ...

Number of Particles: 2
Dimension: 1
Number of Time Slices: 2
Inverse temperature (beta): 8
Simulation Time Step: 0.01
Simulation Box Size: 6
# of Bins per D: 100
Number of Equilibration Sweeps: 1000
Number of Recording Sweeps: 1000000
Variable Transformation: 1
Thermostat: 2
Interaction: 1
Nose-Hoover Length: 2
Order of Suzuki-Yoshida Factorization: 4
Number of Nose-Hoover Steps: 2

Outputting scalar data to data/traces/scalarTrace-2-1-2-8.0-0.01-6.0-100-1000-1000000-1-2-1-2-4-2.dat.

Outputting Grr data to data/traces/GrrTrace-2-1-2-8.0-0.01-6.0-100-1000-1000000-1-2-1-2-4-2.dat

Outputting Density data to data/traces/RDenTrace-2-1-2-8.0-0.01-6.0-100-1000-1000000-1-2-1-2-4-2.dat

Running Simulation:
0.0000e+00%
1.0000e+01%
2.0000e+01%
3.0000e+01%
4.0000e+01%
5.0000e+01%
6.0000e+01%
7.0000e+01%
8.0000e+01%
9.0000e+01%

Scalar Estimates:
t: 4.3737e+04 (6.6707e+02)
PE: -2.9239e-01 (4.6669e-03)
VE: -2.5850e-01 (9.6820e-03)
R: 2.4955e-03 (3.2320e-03)
R2: 4.5772e-01 (2.9828e-03)
BS: 1.8076e-01 (4.3945e-03)

Done.

