
Running simulation 6 from inputs/beads_220_m32_Eff.in ( Normal Mode, Langevin ) ...

Number of Particles: 1
Dimension: 1
Number of Time Slices: 32
Inverse temperature (beta): 6
Simulation Time Step: 0.01
Simulation Box Size: 6
# of Bins per D: 100
Number of Equilibration Sweeps: 1000
Number of Recording Sweeps: 10000000
Variable Transformation: 2
Thermostat: 2
Interaction: 0
Nose-Hoover Length: 2
Order of Suzuki-Yoshida Factorization: 4
Number of Nose-Hoover Steps: 2

Outputting scalar data to data/traces/scalarTrace-1-1-32-6.0-0.01-6.0-100-1000-10000000-2-2-0-2-4-2.dat.

Outputting Grr data to data/traces/GrrTrace-1-1-32-6.0-0.01-6.0-100-1000-10000000-2-2-0-2-4-2.dat

Outputting Density data to data/traces/RDenTrace-1-1-32-6.0-0.01-6.0-100-1000-10000000-2-2-0-2-4-2.dat

Running Simulation:
0.0000e+00%
1.0000e+01%
2.0000e+01%
3.0000e+01%
4.0000e+01%
5.0000e+01%
6.0000e+01%
7.0000e+01%
8.0000e+01%
9.0000e+01%

Scalar Estimates:
t: 6.5133e+06 (6.6805e+04)
PE: 5.0137e-01 (2.9443e-03)
VE: 4.9074e-01 (1.0516e-03)
R: -7.9284e-04 (1.9568e-03)
R2: 5.0138e-01 (1.2361e-03)
BS: 4.6074e-01 (5.1870e-04)

Done.

