
Running simulation 1 from inputs/beads_220_m32_Eff.in ( Normal Mode, Langevin ) ...

Number of Particles: 1
Dimension: 1
Number of Time Slices: 32
Inverse temperature (beta): 12
Simulation Time Step: 0.01
Simulation Box Size: 6
# of Bins per D: 100
Number of Equilibration Sweeps: 1000
Number of Recording Sweeps: 10000000
Variable Transformation: 2
Thermostat: 2
Interaction: 0
Nose-Hoover Length: 2
Order of Suzuki-Yoshida Factorization: 4
Number of Nose-Hoover Steps: 2

Outputting scalar data to data/traces/scalarTrace-1-1-32-12.0-0.01-6.0-100-1000-10000000-2-2-0-2-4-2.dat.

Outputting Grr data to data/traces/GrrTrace-1-1-32-12.0-0.01-6.0-100-1000-10000000-2-2-0-2-4-2.dat

Outputting Density data to data/traces/RDenTrace-1-1-32-12.0-0.01-6.0-100-1000-10000000-2-2-0-2-4-2.dat

Running Simulation:
0.0000e+00%
1.0000e+01%
2.0000e+01%
3.0000e+01%
4.0000e+01%
5.0000e+01%
6.0000e+01%
7.0000e+01%
8.0000e+01%
9.0000e+01%

Scalar Estimates:
t: 6.5330e+06 (6.6664e+04)
PE: 4.9115e-01 (1.7808e-03)
VE: 4.9617e-01 (1.2841e-03)
R: -5.6062e-04 (1.3837e-03)
R2: 4.9178e-01 (1.1339e-03)
BS: 5.0953e-01 (6.3491e-04)

Done.

