
Running simulation 2 from inputs/beads_120_m32_Eff.in ( Staging, Langevin ) ...

Number of Particles: 1
Dimension: 1
Number of Time Slices: 32
Inverse temperature (beta): 10
Simulation Time Step: 0.01
Simulation Box Size: 6
# of Bins per D: 100
Number of Equilibration Sweeps: 1000
Number of Recording Sweeps: 10000000
Variable Transformation: 1
Thermostat: 2
Interaction: 0
Nose-Hoover Length: 2
Order of Suzuki-Yoshida Factorization: 4
Number of Nose-Hoover Steps: 2

Outputting scalar data to data/traces/scalarTrace-1-1-32-10.0-0.01-6.0-100-1000-10000000-1-2-0-2-4-2.dat.

Outputting Grr data to data/traces/GrrTrace-1-1-32-10.0-0.01-6.0-100-1000-10000000-1-2-0-2-4-2.dat

Outputting Density data to data/traces/RDenTrace-1-1-32-10.0-0.01-6.0-100-1000-10000000-1-2-0-2-4-2.dat

Running Simulation:
0.0000e+00%
1.0000e+01%
2.0000e+01%
3.0000e+01%
4.0000e+01%
5.0000e+01%
6.0000e+01%
7.0000e+01%
8.0000e+01%
9.0000e+01%

Scalar Estimates:
t: 2.3235e+06 (2.3714e+04)
PE: 4.9473e-01 (2.1772e-03)
VE: 4.9575e-01 (1.2410e-03)
R: 4.9785e-04 (1.5337e-03)
R2: 4.9423e-01 (1.1129e-03)
BS: 5.0062e-01 (6.5814e-04)

Done.

