
Running simulation 5 from inputs/beads_221_m64b.in ( M = 32 ) ...

Number of Particles: 8
Dimension: 1
Number of Time Slices: 64
Inverse temperature (beta): 7
Simulation Time Step: 0.01
Simulation Box Size: 6
# of Bins per D: 100
Number of Equilibration Sweeps: 1000
Number of Recording Sweeps: 1000000
Variable Transformation: 2
Thermostat: 2
Interaction: 1
Nose-Hoover Length: 2
Order of Suzuki-Yoshida Factorization: 4
Number of Nose-Hoover Steps: 2

Outputting scalar data to data/traces/scalarTrace-8-1-64-7.0-0.01-6.0-100-1000-1000000-2-2-1-2-4-2.dat.

Outputting Grr data to data/traces/GrrTrace-8-1-64-7.0-0.01-6.0-100-1000-1000000-2-2-1-2-4-2.dat

Outputting Density data to data/traces/RDenTrace-8-1-64-7.0-0.01-6.0-100-1000-1000000-2-2-1-2-4-2.dat

Running Simulation:
0.0000e+00%
1.0000e+01%
2.0000e+01%
3.0000e+01%
4.0000e+01%
5.0000e+01%
6.0000e+01%
7.0000e+01%
8.0000e+01%
9.0000e+01%

Scalar Estimates:
t: 2.1556e+07 (2.2180e+05)
PE: 4.9805e+01 (5.2620e-02)
VE: 4.5449e+01 (5.2777e-02)
R: 1.8092e-03 (2.0665e-03)
R2: 9.5845e+00 (9.8727e-03)
BS: 2.5772e-01 (4.8403e-04)

Done.

