
Running simulation 11 from inputs/beads_120_m32_Eff.in ( Staging, Langevin ) ...

Number of Particles: 1
Dimension: 1
Number of Time Slices: 32
Inverse temperature (beta): 1
Simulation Time Step: 0.01
Simulation Box Size: 6
# of Bins per D: 100
Number of Equilibration Sweeps: 1000
Number of Recording Sweeps: 10000000
Variable Transformation: 1
Thermostat: 2
Interaction: 0
Nose-Hoover Length: 2
Order of Suzuki-Yoshida Factorization: 4
Number of Nose-Hoover Steps: 2

Outputting scalar data to data/traces/scalarTrace-1-1-32-1.0-0.01-6.0-100-1000-10000000-1-2-0-2-4-2.dat.

Outputting Grr data to data/traces/GrrTrace-1-1-32-1.0-0.01-6.0-100-1000-10000000-1-2-0-2-4-2.dat

Outputting Density data to data/traces/RDenTrace-1-1-32-1.0-0.01-6.0-100-1000-10000000-1-2-0-2-4-2.dat

Running Simulation:
0.0000e+00%
1.0000e+01%
2.0000e+01%
3.0000e+01%
4.0000e+01%
5.0000e+01%
6.0000e+01%
7.0000e+01%
8.0000e+01%
9.0000e+01%

Scalar Estimates:
t: 2.3307e+06 (2.3871e+04)
PE: 1.0384e+00 (1.3423e-02)
VE: 1.0724e+00 (2.8156e-03)
R: -3.5999e-03 (4.8779e-03)
R2: 1.0721e+00 (5.4925e-03)
BS: 2.2829e-01 (2.5354e-04)

Done.

