
Running simulation 6 from inputs/beads_020_m32_Eff.in ( No Transformation, Langevin ) ...

Number of Particles: 1
Dimension: 1
Number of Time Slices: 32
Inverse temperature (beta): 6
Simulation Time Step: 0.01
Simulation Box Size: 6
# of Bins per D: 100
Number of Equilibration Sweeps: 1000
Number of Recording Sweeps: 10000000
Variable Transformation: 0
Thermostat: 2
Interaction: 0
Nose-Hoover Length: 2
Order of Suzuki-Yoshida Factorization: 4
Number of Nose-Hoover Steps: 2

Outputting scalar data to data/traces/scalarTrace-1-1-32-6.0-0.01-6.0-100-1000-10000000-0-2-0-2-4-2.dat.

Outputting Grr data to data/traces/GrrTrace-1-1-32-6.0-0.01-6.0-100-1000-10000000-0-2-0-2-4-2.dat

Outputting Density data to data/traces/RDenTrace-1-1-32-6.0-0.01-6.0-100-1000-10000000-0-2-0-2-4-2.dat

Running Simulation:
0.0000e+00%
1.0000e+01%
2.0000e+01%
3.0000e+01%
4.0000e+01%
5.0000e+01%
6.0000e+01%
7.0000e+01%
8.0000e+01%
9.0000e+01%

Scalar Estimates:
t: 2.2192e+06 (2.2676e+04)
PE: 4.9841e-01 (4.7278e-03)
VE: 4.8993e-01 (3.4377e-03)
R: 1.3346e-02 (1.0376e-02)
R2: 4.9881e-01 (5.0973e-03)
BS: 4.6112e-01 (1.3523e-03)

Done.

