
Running simulation 8 from inputs/beads_110_m32_Eff.in ( Staging, Nose-Hoover ) ...

Number of Particles: 1
Dimension: 1
Number of Time Slices: 32
Inverse temperature (beta): 4
Simulation Time Step: 0.01
Simulation Box Size: 6
# of Bins per D: 100
Number of Equilibration Sweeps: 1000
Number of Recording Sweeps: 10000000
Variable Transformation: 1
Thermostat: 1
Interaction: 0
Nose-Hoover Length: 2
Order of Suzuki-Yoshida Factorization: 4
Number of Nose-Hoover Steps: 2

Outputting scalar data to data/traces/scalarTrace-1-1-32-4.0-0.01-6.0-100-1000-10000000-1-1-0-2-4-2.dat.

Outputting Grr data to data/traces/GrrTrace-1-1-32-4.0-0.01-6.0-100-1000-10000000-1-1-0-2-4-2.dat

Outputting Density data to data/traces/RDenTrace-1-1-32-4.0-0.01-6.0-100-1000-10000000-1-1-0-2-4-2.dat

Running Simulation:
0.0000e+00%
1.0000e+01%
2.0000e+01%
3.0000e+01%
4.0000e+01%
5.0000e+01%
6.0000e+01%
7.0000e+01%
8.0000e+01%
9.0000e+01%

Scalar Estimates:
t: 1.1459e+07 (1.1693e+05)
PE: 5.1610e-01 (2.6057e-03)
VE: 4.9916e-01 (1.1367e-03)
R: 2.2038e-04 (1.5821e-03)
R2: 5.1601e-01 (1.5003e-03)
BS: 4.1247e-01 (6.0286e-04)

Done.

