
Running simulation 13 from inputs/beads2_121b.in ( 2 Particles with Interaction ) ...

Number of Particles: 2
Dimension: 1
Number of Time Slices: 64
Inverse temperature (beta): 9
Simulation Time Step: 0.01
Simulation Box Size: 6
# of Bins per D: 100
Number of Equilibration Sweeps: 1000
Number of Recording Sweeps: 1000000
Variable Transformation: 1
Thermostat: 2
Interaction: 1
Nose-Hoover Length: 2
Order of Suzuki-Yoshida Factorization: 4
Number of Nose-Hoover Steps: 2

Outputting scalar data to data/traces/scalarTrace-2-1-64-9.0-0.01-6.0-100-1000-1000000-1-2-1-2-4-2.dat.

Outputting Grr data to data/traces/GrrTrace-2-1-64-9.0-0.01-6.0-100-1000-1000000-1-2-1-2-4-2.dat

Outputting Density data to data/traces/RDenTrace-2-1-64-9.0-0.01-6.0-100-1000-1000000-1-2-1-2-4-2.dat

Running Simulation:
0.0000e+00%
1.0000e+01%
2.0000e+01%
3.0000e+01%
4.0000e+01%
5.0000e+01%
6.0000e+01%
7.0000e+01%
8.0000e+01%
9.0000e+01%

Scalar Estimates:
t: 1.0632e+06 (1.0861e+04)
PE: 2.1147e+00 (1.2569e-02)
VE: 2.3042e+00 (8.9524e-03)
R: -2.8427e-03 (3.4500e-03)
R2: 1.3343e+00 (3.6187e-03)
BS: 4.2178e-01 (9.7249e-04)

Done.

