
Running simulation 12 from inputs/beads_020_m32_Eff.in ( No Transformation, Langevin ) ...

Number of Particles: 1
Dimension: 1
Number of Time Slices: 32
Inverse temperature (beta): 0.5
Simulation Time Step: 0.01
Simulation Box Size: 6
# of Bins per D: 100
Number of Equilibration Sweeps: 1000
Number of Recording Sweeps: 10000000
Variable Transformation: 0
Thermostat: 2
Interaction: 0
Nose-Hoover Length: 2
Order of Suzuki-Yoshida Factorization: 4
Number of Nose-Hoover Steps: 2

Outputting scalar data to data/traces/scalarTrace-1-1-32-0.5-0.01-6.0-100-1000-10000000-0-2-0-2-4-2.dat.

Outputting Grr data to data/traces/GrrTrace-1-1-32-0.5-0.01-6.0-100-1000-10000000-0-2-0-2-4-2.dat

Outputting Density data to data/traces/RDenTrace-1-1-32-0.5-0.01-6.0-100-1000-10000000-0-2-0-2-4-2.dat

Running Simulation:
0.0000e+00%
1.0000e+01%
2.0000e+01%
3.0000e+01%
4.0000e+01%
5.0000e+01%
6.0000e+01%
7.0000e+01%
8.0000e+01%
9.0000e+01%

Scalar Estimates:
t: 2.2113e+06 (2.2601e+04)
PE: 1.8869e+00 (5.2127e-02)
VE: 2.0634e+00 (2.7312e-02)
R: -6.3460e-03 (3.9019e-02)
R2: 2.0783e+00 (5.4056e-02)
BS: 1.6249e-01 (1.8507e-04)

Done.

