
Running simulation 43 from inputs/beads2_121.in ( 2 Particles with Interaction ) ...

Number of Particles: 2
Dimension: 1
Number of Time Slices: 16
Inverse temperature (beta): 9
Simulation Time Step: 0.01
Simulation Box Size: 6
# of Bins per D: 100
Number of Equilibration Sweeps: 1000
Number of Recording Sweeps: 1000000
Variable Transformation: 1
Thermostat: 2
Interaction: 1
Nose-Hoover Length: 2
Order of Suzuki-Yoshida Factorization: 4
Number of Nose-Hoover Steps: 2

Outputting scalar data to data/traces/scalarTrace-2-1-16-9.0-0.01-6.0-100-1000-1000000-1-2-1-2-4-2.dat.

Outputting Grr data to data/traces/GrrTrace-2-1-16-9.0-0.01-6.0-100-1000-1000000-1-2-1-2-4-2.dat

Outputting Density data to data/traces/RDenTrace-2-1-16-9.0-0.01-6.0-100-1000-1000000-1-2-1-2-4-2.dat

Running Simulation:
0.0000e+00%
1.0000e+01%
2.0000e+01%
3.0000e+01%
4.0000e+01%
5.0000e+01%
6.0000e+01%
7.0000e+01%
8.0000e+01%
9.0000e+01%

Scalar Estimates:
t: 2.7222e+05 (2.8229e+03)
PE: 1.3884e+00 (6.8120e-03)
VE: 1.5996e+00 (1.0674e-02)
R: 9.3576e-04 (3.5660e-03)
R2: 1.0483e+00 (4.2203e-03)
BS: 4.0075e-01 (1.4696e-03)

Done.

