
Running simulation 58 from inputs/beads2_121.in ( 2 Particles with Interaction ) ...

Number of Particles: 2
Dimension: 1
Number of Time Slices: 32
Inverse temperature (beta): 4
Simulation Time Step: 0.01
Simulation Box Size: 6
# of Bins per D: 100
Number of Equilibration Sweeps: 1000
Number of Recording Sweeps: 1000000
Variable Transformation: 1
Thermostat: 2
Interaction: 1
Nose-Hoover Length: 2
Order of Suzuki-Yoshida Factorization: 4
Number of Nose-Hoover Steps: 2

Outputting scalar data to data/traces/scalarTrace-2-1-32-4.0-0.01-6.0-100-1000-1000000-1-2-1-2-4-2.dat.

Outputting Grr data to data/traces/GrrTrace-2-1-32-4.0-0.01-6.0-100-1000-1000000-1-2-1-2-4-2.dat

Outputting Density data to data/traces/RDenTrace-2-1-32-4.0-0.01-6.0-100-1000-1000000-1-2-1-2-4-2.dat

Running Simulation:
0.0000e+00%
1.0000e+01%
2.0000e+01%
3.0000e+01%
4.0000e+01%
5.0000e+01%
6.0000e+01%
7.0000e+01%
8.0000e+01%
9.0000e+01%

Scalar Estimates:
t: 5.3889e+05 (5.5214e+03)
PE: 2.1832e+00 (1.5239e-02)
VE: 2.2222e+00 (8.5977e-03)
R: 4.6476e-04 (5.4914e-03)
R2: 1.3610e+00 (4.7892e-03)
BS: 3.6323e-01 (9.3162e-04)

Done.

