
Running simulation 4 from inputs/beads_110_m32_Eff.in ( Staging, Nose-Hoover ) ...

Number of Particles: 1
Dimension: 1
Number of Time Slices: 32
Inverse temperature (beta): 8
Simulation Time Step: 0.01
Simulation Box Size: 6
# of Bins per D: 100
Number of Equilibration Sweeps: 1000
Number of Recording Sweeps: 10000000
Variable Transformation: 1
Thermostat: 1
Interaction: 0
Nose-Hoover Length: 2
Order of Suzuki-Yoshida Factorization: 4
Number of Nose-Hoover Steps: 2

Outputting scalar data to data/traces/scalarTrace-1-1-32-8.0-0.01-6.0-100-1000-10000000-1-1-0-2-4-2.dat.

Outputting Grr data to data/traces/GrrTrace-1-1-32-8.0-0.01-6.0-100-1000-10000000-1-1-0-2-4-2.dat

Outputting Density data to data/traces/RDenTrace-1-1-32-8.0-0.01-6.0-100-1000-10000000-1-1-0-2-4-2.dat

Running Simulation:
0.0000e+00%
1.0000e+01%
2.0000e+01%
3.0000e+01%
4.0000e+01%
5.0000e+01%
6.0000e+01%
7.0000e+01%
8.0000e+01%
9.0000e+01%

Scalar Estimates:
t: 1.1526e+07 (1.1765e+05)
PE: 4.9784e-01 (1.9348e-03)
VE: 4.9444e-01 (1.7146e-03)
R: 1.1315e-03 (1.1686e-03)
R2: 4.9729e-01 (1.8186e-03)
BS: 4.8688e-01 (8.1722e-04)

Done.

