
Running simulation 322 from inputs/everything.in ( Everything ) ...

Number of Particles: 1
Dimension: 1
Number of Time Slices: 4
Inverse temperature (beta): 2
Simulation Time Step: 0.01
Simulation Box Size: 6
# of Bins per D: 100
Number of Equilibration Sweeps: 1000
Number of Recording Sweeps: 1000000
Variable Transformation: 1
Thermostat: 1
Interaction: 0
Nose-Hoover Length: 2
Order of Suzuki-Yoshida Factorization: 4
Number of Nose-Hoover Steps: 2

Outputting scalar data to data/traces/scalarTrace-1-1-4-2.0-0.01-6.0-100-1000-1000000-1-1-0-2-4-2.dat.

Outputting Grr data to data/traces/GrrTrace-1-1-4-2.0-0.01-6.0-100-1000-1000000-1-1-0-2-4-2.dat

Outputting Density data to data/traces/RDenTrace-1-1-4-2.0-0.01-6.0-100-1000-1000000-1-1-0-2-4-2.dat

Running Simulation:
0.0000e+00%
1.0000e+01%
2.0000e+01%
3.0000e+01%
4.0000e+01%
5.0000e+01%
6.0000e+01%
7.0000e+01%
8.0000e+01%
9.0000e+01%

Scalar Estimates:
t: 1.6414e+05 (1.7467e+03)
PE: 6.3621e-01 (6.3700e-03)
VE: 6.2633e-01 (4.0313e-03)
R: -1.0121e-02 (7.5208e-03)
R2: 6.4237e-01 (7.5105e-03)
BS: 2.9981e-01 (1.4115e-03)

Done.

