
Running simulation 570 from inputs/everything.in ( Everything ) ...

Number of Particles: 8
Dimension: 1
Number of Time Slices: 32
Inverse temperature (beta): 6
Simulation Time Step: 0.01
Simulation Box Size: 6
# of Bins per D: 100
Number of Equilibration Sweeps: 1000
Number of Recording Sweeps: 1000000
Variable Transformation: 1
Thermostat: 2
Interaction: 1
Nose-Hoover Length: 2
Order of Suzuki-Yoshida Factorization: 4
Number of Nose-Hoover Steps: 2

Outputting scalar data to data/traces/scalarTrace-8-1-32-6.0-0.01-6.0-100-1000-1000000-1-2-1-2-4-2.dat.

Outputting Grr data to data/traces/GrrTrace-8-1-32-6.0-0.01-6.0-100-1000-1000000-1-2-1-2-4-2.dat

Outputting Density data to data/traces/RDenTrace-8-1-32-6.0-0.01-6.0-100-1000-1000000-1-2-1-2-4-2.dat

Running Simulation:
0.0000e+00%
1.0000e+01%
2.0000e+01%
3.0000e+01%
4.0000e+01%
5.0000e+01%
6.0000e+01%
7.0000e+01%
8.0000e+01%
9.0000e+01%

Scalar Estimates:
t: 3.5821e+06 (3.6554e+04)
PE: 4.3555e+01 (4.6592e-02)
VE: 4.0078e+01 (4.5184e-02)
R: 4.8696e-03 (2.0556e-03)
R2: 8.8388e+00 (9.3132e-03)
BS: 2.4534e-01 (4.1499e-04)

Done.

