
Running simulation 175 from inputs/everything.in ( Everything ) ...

Number of Particles: 1
Dimension: 1
Number of Time Slices: 4
Inverse temperature (beta): 5
Simulation Time Step: 0.01
Simulation Box Size: 6
# of Bins per D: 100
Number of Equilibration Sweeps: 1000
Number of Recording Sweeps: 1000000
Variable Transformation: 0
Thermostat: 2
Interaction: 0
Nose-Hoover Length: 2
Order of Suzuki-Yoshida Factorization: 4
Number of Nose-Hoover Steps: 2

Outputting scalar data to data/traces/scalarTrace-1-1-4-5.0-0.01-6.0-100-1000-1000000-0-2-0-2-4-2.dat.

Outputting Grr data to data/traces/GrrTrace-1-1-4-5.0-0.01-6.0-100-1000-1000000-0-2-0-2-4-2.dat

Outputting Density data to data/traces/RDenTrace-1-1-4-5.0-0.01-6.0-100-1000-1000000-0-2-0-2-4-2.dat

Running Simulation:
0.0000e+00%
1.0000e+01%
2.0000e+01%
3.0000e+01%
4.0000e+01%
5.0000e+01%
6.0000e+01%
7.0000e+01%
8.0000e+01%
9.0000e+01%

Scalar Estimates:
t: 3.1111e+04 (4.7378e+02)
PE: 4.3039e-01 (3.3616e-03)
VE: 4.1012e-01 (6.6346e-03)
R: -1.7019e-02 (1.5455e-02)
R2: 4.3257e-01 (1.0326e-02)
BS: 3.8422e-01 (2.7678e-03)

Done.

