
Running simulation 158 from inputs/everything.in ( Everything ) ...

Number of Particles: 1
Dimension: 1
Number of Time Slices: 2
Inverse temperature (beta): 10
Simulation Time Step: 0.01
Simulation Box Size: 6
# of Bins per D: 100
Number of Equilibration Sweeps: 1000
Number of Recording Sweeps: 1000000
Variable Transformation: 0
Thermostat: 2
Interaction: 0
Nose-Hoover Length: 2
Order of Suzuki-Yoshida Factorization: 4
Number of Nose-Hoover Steps: 2

Outputting scalar data to data/traces/scalarTrace-1-1-2-10.0-0.01-6.0-100-1000-1000000-0-2-0-2-4-2.dat.

Outputting Grr data to data/traces/GrrTrace-1-1-2-10.0-0.01-6.0-100-1000-1000000-0-2-0-2-4-2.dat

Outputting Density data to data/traces/RDenTrace-1-1-2-10.0-0.01-6.0-100-1000-1000000-0-2-0-2-4-2.dat

Running Simulation:
0.0000e+00%
1.0000e+01%
2.0000e+01%
3.0000e+01%
4.0000e+01%
5.0000e+01%
6.0000e+01%
7.0000e+01%
8.0000e+01%
9.0000e+01%

Scalar Estimates:
t: 1.7374e+04 (4.6714e+02)
PE: 1.8740e-01 (1.7221e-03)
VE: 1.6538e-01 (2.1569e-03)
R: 2.3743e-03 (6.6807e-03)
R2: 1.8855e-01 (3.4848e-03)
BS: 2.3229e-01 (3.2033e-03)

Done.

