
Running simulation 430 from inputs/everything.in ( Everything ) ...

Number of Particles: 8
Dimension: 1
Number of Time Slices: 32
Inverse temperature (beta): 2
Simulation Time Step: 0.01
Simulation Box Size: 6
# of Bins per D: 100
Number of Equilibration Sweeps: 1000
Number of Recording Sweeps: 1000000
Variable Transformation: 1
Thermostat: 8
Interaction: 1
Nose-Hoover Length: 2
Order of Suzuki-Yoshida Factorization: 4
Number of Nose-Hoover Steps: 2

Outputting scalar data to data/traces/scalarTrace-8-1-32-2.0-0.01-6.0-100-1000-1000000-1-8-1-2-4-2.dat.

Outputting Grr data to data/traces/GrrTrace-8-1-32-2.0-0.01-6.0-100-1000-1000000-1-8-1-2-4-2.dat

Outputting Density data to data/traces/RDenTrace-8-1-32-2.0-0.01-6.0-100-1000-1000000-1-8-1-2-4-2.dat

Running Simulation:
0.0000e+00%
1.0000e+01%
2.0000e+01%
3.0000e+01%
4.0000e+01%
5.0000e+01%
6.0000e+01%
7.0000e+01%
8.0000e+01%
9.0000e+01%

Scalar Estimates:
t: 2.6311e+06 (2.6857e+04)
PE: -1.8325e+39 (1.3482e+39)
VE: 9.5010e+57 (6.9891e+57)
R: 4.5015e+01 (8.8027e+01)
R2: 3.1010e+38 (2.2813e+38)
BS: 1.7490e+18 (1.2868e+18)

Done.

