
Running simulation 57 from inputs/everything.in ( Everything ) ...

Number of Particles: 1
Dimension: 1
Number of Time Slices: 16
Inverse temperature (beta): 3
Simulation Time Step: 0.01
Simulation Box Size: 6
# of Bins per D: 100
Number of Equilibration Sweeps: 1000
Number of Recording Sweeps: 1000000
Variable Transformation: 0
Thermostat: 1
Interaction: 0
Nose-Hoover Length: 2
Order of Suzuki-Yoshida Factorization: 4
Number of Nose-Hoover Steps: 2

Outputting scalar data to data/traces/scalarTrace-1-1-16-3.0-0.01-6.0-100-1000-1000000-0-1-0-2-4-2.dat.

Outputting Grr data to data/traces/GrrTrace-1-1-16-3.0-0.01-6.0-100-1000-1000000-0-1-0-2-4-2.dat

Outputting Density data to data/traces/RDenTrace-1-1-16-3.0-0.01-6.0-100-1000-1000000-0-1-0-2-4-2.dat

Running Simulation:
0.0000e+00%
1.0000e+01%
2.0000e+01%
3.0000e+01%
4.0000e+01%
5.0000e+01%
6.0000e+01%
7.0000e+01%
8.0000e+01%
9.0000e+01%

Scalar Estimates:
t: 5.7515e+05 (5.8909e+03)
PE: 5.8651e-01 (1.1979e-02)
VE: 5.6088e-01 (9.4575e-03)
R: -6.3101e-02 (2.3896e-02)
R2: 6.0641e-01 (1.6916e-02)
BS: 3.7112e-01 (2.2520e-03)

Done.

