
Running simulation 758 from inputs/everything.in ( Everything ) ...

Number of Particles: 1
Dimension: 1
Number of Time Slices: 8
Inverse temperature (beta): 10
Simulation Time Step: 0.01
Simulation Box Size: 6
# of Bins per D: 100
Number of Equilibration Sweeps: 1000
Number of Recording Sweeps: 1000000
Variable Transformation: 2
Thermostat: 2
Interaction: 0
Nose-Hoover Length: 2
Order of Suzuki-Yoshida Factorization: 4
Number of Nose-Hoover Steps: 2

Outputting scalar data to data/traces/scalarTrace-1-1-8-10.0-0.01-6.0-100-1000-1000000-2-2-0-2-4-2.dat.

Outputting Grr data to data/traces/GrrTrace-1-1-8-10.0-0.01-6.0-100-1000-1000000-2-2-0-2-4-2.dat

Outputting Density data to data/traces/RDenTrace-1-1-8-10.0-0.01-6.0-100-1000-1000000-2-2-0-2-4-2.dat

Running Simulation:
0.0000e+00%
1.0000e+01%
2.0000e+01%
3.0000e+01%
4.0000e+01%
5.0000e+01%
6.0000e+01%
7.0000e+01%
8.0000e+01%
9.0000e+01%

Scalar Estimates:
t: 8.1111e+04 (9.1809e+02)
PE: 4.2131e-01 (2.1252e-03)
VE: 4.1717e-01 (6.7734e-03)
R: -3.6147e-03 (3.9088e-03)
R2: 4.2716e-01 (5.8042e-03)
BS: 4.5864e-01 (4.1796e-03)

Done.

