
Running simulation 500 from inputs/everything.in ( Everything ) ...

Number of Particles: 1
Dimension: 1
Number of Time Slices: 32
Inverse temperature (beta): 4
Simulation Time Step: 0.01
Simulation Box Size: 6
# of Bins per D: 100
Number of Equilibration Sweeps: 1000
Number of Recording Sweeps: 1000000
Variable Transformation: 1
Thermostat: 2
Interaction: 0
Nose-Hoover Length: 2
Order of Suzuki-Yoshida Factorization: 4
Number of Nose-Hoover Steps: 2

Outputting scalar data to data/traces/scalarTrace-1-1-32-4.0-0.01-6.0-100-1000-1000000-1-2-0-2-4-2.dat.

Outputting Grr data to data/traces/GrrTrace-1-1-32-4.0-0.01-6.0-100-1000-1000000-1-2-0-2-4-2.dat

Outputting Density data to data/traces/RDenTrace-1-1-32-4.0-0.01-6.0-100-1000-1000000-1-2-0-2-4-2.dat

Running Simulation:
0.0000e+00%
1.0000e+01%
2.0000e+01%
3.0000e+01%
4.0000e+01%
5.0000e+01%
6.0000e+01%
7.0000e+01%
8.0000e+01%
9.0000e+01%

Scalar Estimates:
t: 2.3343e+05 (2.4330e+03)
PE: 5.0879e-01 (1.0669e-02)
VE: 4.9468e-01 (3.5275e-03)
R: -5.1955e-03 (8.8353e-03)
R2: 5.1176e-01 (4.9202e-03)
BS: 4.0938e-01 (1.6024e-03)

Done.

