
Running simulation 668 from inputs/everything.in ( Everything ) ...

Number of Particles: 8
Dimension: 1
Number of Time Slices: 2
Inverse temperature (beta): 4
Simulation Time Step: 0.01
Simulation Box Size: 6
# of Bins per D: 100
Number of Equilibration Sweeps: 1000
Number of Recording Sweeps: 1000000
Variable Transformation: 2
Thermostat: 8
Interaction: 1
Nose-Hoover Length: 2
Order of Suzuki-Yoshida Factorization: 4
Number of Nose-Hoover Steps: 2

Outputting scalar data to data/traces/scalarTrace-8-1-2-4.0-0.01-6.0-100-1000-1000000-2-8-1-2-4-2.dat.

Outputting Grr data to data/traces/GrrTrace-8-1-2-4.0-0.01-6.0-100-1000-1000000-2-8-1-2-4-2.dat

Outputting Density data to data/traces/RDenTrace-8-1-2-4.0-0.01-6.0-100-1000-1000000-2-8-1-2-4-2.dat

Running Simulation:
0.0000e+00%
1.0000e+01%
2.0000e+01%
3.0000e+01%
4.0000e+01%
5.0000e+01%
6.0000e+01%
7.0000e+01%
8.0000e+01%
9.0000e+01%

Scalar Estimates:
t: 2.1949e+05 (2.5457e+03)
PE: 5.2813e+281 (-nan)
VE: 5.1229e+283 (-nan)
R: 3.4020e+128 (6.9779e+126)
R2: 1.2807e+283 (-nan)
BS: 1.1010e+08 (1.1010e+08)

Done.

