
Running simulation 380 from inputs/everything.in ( Everything ) ...

Number of Particles: 8
Dimension: 1
Number of Time Slices: 2
Inverse temperature (beta): 4
Simulation Time Step: 0.01
Simulation Box Size: 6
# of Bins per D: 100
Number of Equilibration Sweeps: 1000
Number of Recording Sweeps: 1000000
Variable Transformation: 1
Thermostat: 8
Interaction: 1
Nose-Hoover Length: 2
Order of Suzuki-Yoshida Factorization: 4
Number of Nose-Hoover Steps: 2

Outputting scalar data to data/traces/scalarTrace-8-1-2-4.0-0.01-6.0-100-1000-1000000-1-8-1-2-4-2.dat.

Outputting Grr data to data/traces/GrrTrace-8-1-2-4.0-0.01-6.0-100-1000-1000000-1-8-1-2-4-2.dat

Outputting Density data to data/traces/RDenTrace-8-1-2-4.0-0.01-6.0-100-1000-1000000-1-8-1-2-4-2.dat

Running Simulation:
0.0000e+00%
1.0000e+01%
2.0000e+01%
3.0000e+01%
4.0000e+01%
5.0000e+01%
6.0000e+01%
7.0000e+01%
8.0000e+01%
9.0000e+01%

Scalar Estimates:
t: 1.9939e+05 (2.0698e+03)
PE: 4.4109e+01 (4.6618e-02)
VE: 5.2873e+01 (6.3239e-02)
R: 1.9500e-04 (2.8647e-03)
R2: 1.2233e+01 (1.2811e-02)
BS: 3.8080e-01 (5.9152e-04)

Done.

