
Running simulation 71 from inputs/everything.in ( Everything ) ...

Number of Particles: 1
Dimension: 1
Number of Time Slices: 32
Inverse temperature (beta): 1
Simulation Time Step: 0.01
Simulation Box Size: 6
# of Bins per D: 100
Number of Equilibration Sweeps: 1000
Number of Recording Sweeps: 1000000
Variable Transformation: 0
Thermostat: 1
Interaction: 0
Nose-Hoover Length: 2
Order of Suzuki-Yoshida Factorization: 4
Number of Nose-Hoover Steps: 2

Outputting scalar data to data/traces/scalarTrace-1-1-32-1.0-0.01-6.0-100-1000-1000000-0-1-0-2-4-2.dat.

Outputting Grr data to data/traces/GrrTrace-1-1-32-1.0-0.01-6.0-100-1000-1000000-0-1-0-2-4-2.dat

Outputting Density data to data/traces/RDenTrace-1-1-32-1.0-0.01-6.0-100-1000-1000000-0-1-0-2-4-2.dat

Running Simulation:
0.0000e+00%
1.0000e+01%
2.0000e+01%
3.0000e+01%
4.0000e+01%
5.0000e+01%
6.0000e+01%
7.0000e+01%
8.0000e+01%
9.0000e+01%

Scalar Estimates:
t: 1.1383e+06 (1.1622e+04)
PE: 1.1453e+00 (5.5961e-02)
VE: 1.1327e+00 (5.3943e-02)
R: -1.2020e-01 (9.0723e-02)
R2: 1.1911e+00 (1.0502e-01)
BS: 2.2749e-01 (9.6649e-04)

Done.

