
Running simulation 563 from inputs/everything.in ( Everything ) ...

Number of Particles: 8
Dimension: 1
Number of Time Slices: 16
Inverse temperature (beta): 1
Simulation Time Step: 0.01
Simulation Box Size: 6
# of Bins per D: 100
Number of Equilibration Sweeps: 1000
Number of Recording Sweeps: 1000000
Variable Transformation: 1
Thermostat: 2
Interaction: 1
Nose-Hoover Length: 2
Order of Suzuki-Yoshida Factorization: 4
Number of Nose-Hoover Steps: 2

Outputting scalar data to data/traces/scalarTrace-8-1-16-1.0-0.01-6.0-100-1000-1000000-1-2-1-2-4-2.dat.

Outputting Grr data to data/traces/GrrTrace-8-1-16-1.0-0.01-6.0-100-1000-1000000-1-2-1-2-4-2.dat

Outputting Density data to data/traces/RDenTrace-8-1-16-1.0-0.01-6.0-100-1000-1000000-1-2-1-2-4-2.dat

Running Simulation:
0.0000e+00%
1.0000e+01%
2.0000e+01%
3.0000e+01%
4.0000e+01%
5.0000e+01%
6.0000e+01%
7.0000e+01%
8.0000e+01%
9.0000e+01%

Scalar Estimates:
t: 1.8032e+06 (1.8404e+04)
PE: 5.5817e+01 (8.7707e-02)
VE: 4.8561e+01 (7.5598e-02)
R: 3.6544e-03 (6.4490e-03)
R2: 1.0302e+01 (1.5352e-02)
BS: 1.7721e-01 (3.1699e-04)

Done.

