
Running simulation 253 from inputs/everything.in ( Everything ) ...

Number of Particles: 8
Dimension: 1
Number of Time Slices: 8
Inverse temperature (beta): 12
Simulation Time Step: 0.01
Simulation Box Size: 6
# of Bins per D: 100
Number of Equilibration Sweeps: 1000
Number of Recording Sweeps: 1000000
Variable Transformation: 0
Thermostat: 2
Interaction: 1
Nose-Hoover Length: 2
Order of Suzuki-Yoshida Factorization: 4
Number of Nose-Hoover Steps: 2

Outputting scalar data to data/traces/scalarTrace-8-1-8-12.0-0.01-6.0-100-1000-1000000-0-2-1-2-4-2.dat.

Outputting Grr data to data/traces/GrrTrace-8-1-8-12.0-0.01-6.0-100-1000-1000000-0-2-1-2-4-2.dat

Outputting Density data to data/traces/RDenTrace-8-1-8-12.0-0.01-6.0-100-1000-1000000-0-2-1-2-4-2.dat

Running Simulation:
0.0000e+00%
1.0000e+01%
2.0000e+01%
3.0000e+01%
4.0000e+01%
5.0000e+01%
6.0000e+01%
7.0000e+01%
8.0000e+01%
9.0000e+01%

Scalar Estimates:
t: 8.9586e+05 (9.1552e+03)
PE: 2.1968e+01 (2.1709e-02)
VE: 2.1729e+01 (3.0384e-02)
R: 1.3662e-03 (4.4677e-03)
R2: 6.3616e+00 (6.1808e-03)
BS: 1.7644e-01 (9.9735e-04)

Done.

