
Running simulation 714 from inputs/everything.in ( Everything ) ...

Number of Particles: 8
Dimension: 1
Number of Time Slices: 32
Inverse temperature (beta): 6
Simulation Time Step: 0.01
Simulation Box Size: 6
# of Bins per D: 100
Number of Equilibration Sweeps: 1000
Number of Recording Sweeps: 1000000
Variable Transformation: 2
Thermostat: 8
Interaction: 1
Nose-Hoover Length: 2
Order of Suzuki-Yoshida Factorization: 4
Number of Nose-Hoover Steps: 2

Outputting scalar data to data/traces/scalarTrace-8-1-32-6.0-0.01-6.0-100-1000-1000000-2-8-1-2-4-2.dat.

Outputting Grr data to data/traces/GrrTrace-8-1-32-6.0-0.01-6.0-100-1000-1000000-2-8-1-2-4-2.dat

Outputting Density data to data/traces/RDenTrace-8-1-32-6.0-0.01-6.0-100-1000-1000000-2-8-1-2-4-2.dat

Running Simulation:
0.0000e+00%
1.0000e+01%
2.0000e+01%
3.0000e+01%
4.0000e+01%
5.0000e+01%
6.0000e+01%
7.0000e+01%
8.0000e+01%
9.0000e+01%

Scalar Estimates:
t: 5.9567e+06 (6.0784e+04)
PE: 6.3468e+01 (6.5255e-02)
VE: 4.3431e+01 (4.6452e-02)
R: -8.4832e-05 (2.4737e-03)
R2: 1.2237e+01 (1.3056e-02)
BS: 4.1263e-02 (8.6527e-05)

Done.

