
Running simulation 768 from inputs/everything.in ( Everything ) ...

Number of Particles: 1
Dimension: 1
Number of Time Slices: 8
Inverse temperature (beta): 0.5
Simulation Time Step: 0.01
Simulation Box Size: 6
# of Bins per D: 100
Number of Equilibration Sweeps: 1000
Number of Recording Sweeps: 1000000
Variable Transformation: 2
Thermostat: 2
Interaction: 0
Nose-Hoover Length: 2
Order of Suzuki-Yoshida Factorization: 4
Number of Nose-Hoover Steps: 2

Outputting scalar data to data/traces/scalarTrace-1-1-8-0.5-0.01-6.0-100-1000-1000000-2-2-0-2-4-2.dat.

Outputting Grr data to data/traces/GrrTrace-1-1-8-0.5-0.01-6.0-100-1000-1000000-2-2-0-2-4-2.dat

Outputting Density data to data/traces/RDenTrace-1-1-8-0.5-0.01-6.0-100-1000-1000000-2-2-0-2-4-2.dat

Running Simulation:
0.0000e+00%
1.0000e+01%
2.0000e+01%
3.0000e+01%
4.0000e+01%
5.0000e+01%
6.0000e+01%
7.0000e+01%
8.0000e+01%
9.0000e+01%

Scalar Estimates:
t: 8.2020e+04 (9.5216e+02)
PE: 1.9923e+00 (4.8538e-02)
VE: 2.0128e+00 (1.9239e-02)
R: 6.0217e-03 (1.9564e-02)
R2: 1.9802e+00 (3.7688e-02)
BS: 1.6151e-01 (6.4088e-04)

Done.

