
Running simulation 431 from inputs/everything.in ( Everything ) ...

Number of Particles: 8
Dimension: 1
Number of Time Slices: 32
Inverse temperature (beta): 1
Simulation Time Step: 0.01
Simulation Box Size: 6
# of Bins per D: 100
Number of Equilibration Sweeps: 1000
Number of Recording Sweeps: 1000000
Variable Transformation: 1
Thermostat: 8
Interaction: 1
Nose-Hoover Length: 2
Order of Suzuki-Yoshida Factorization: 4
Number of Nose-Hoover Steps: 2

Outputting scalar data to data/traces/scalarTrace-8-1-32-1.0-0.01-6.0-100-1000-1000000-1-8-1-2-4-2.dat.

Outputting Grr data to data/traces/GrrTrace-8-1-32-1.0-0.01-6.0-100-1000-1000000-1-8-1-2-4-2.dat

Outputting Density data to data/traces/RDenTrace-8-1-32-1.0-0.01-6.0-100-1000-1000000-1-8-1-2-4-2.dat

Running Simulation:
0.0000e+00%
1.0000e+01%
2.0000e+01%
3.0000e+01%
4.0000e+01%
5.0000e+01%
6.0000e+01%
7.0000e+01%
8.0000e+01%
9.0000e+01%

Scalar Estimates:
t: 2.6345e+06 (2.6915e+04)
PE: -1.4595e+58 (8.4005e+55)
VE: 1.4306e+85 (8.3572e+82)
R: -1.6642e+07 (8.7933e+07)
R2: 8.0181e+56 (4.6308e+54)
BS: 3.4554e+27 (2.0174e+25)

Done.

