
Running simulation 428 from inputs/everything.in ( Everything ) ...

Number of Particles: 8
Dimension: 1
Number of Time Slices: 32
Inverse temperature (beta): 4
Simulation Time Step: 0.01
Simulation Box Size: 6
# of Bins per D: 100
Number of Equilibration Sweeps: 1000
Number of Recording Sweeps: 1000000
Variable Transformation: 1
Thermostat: 8
Interaction: 1
Nose-Hoover Length: 2
Order of Suzuki-Yoshida Factorization: 4
Number of Nose-Hoover Steps: 2

Outputting scalar data to data/traces/scalarTrace-8-1-32-4.0-0.01-6.0-100-1000-1000000-1-8-1-2-4-2.dat.

Outputting Grr data to data/traces/GrrTrace-8-1-32-4.0-0.01-6.0-100-1000-1000000-1-8-1-2-4-2.dat

Outputting Density data to data/traces/RDenTrace-8-1-32-4.0-0.01-6.0-100-1000-1000000-1-8-1-2-4-2.dat

Running Simulation:
0.0000e+00%
1.0000e+01%
2.0000e+01%
3.0000e+01%
4.0000e+01%
5.0000e+01%
6.0000e+01%
7.0000e+01%
8.0000e+01%
9.0000e+01%

Scalar Estimates:
t: 2.6302e+06 (2.6843e+04)
PE: 5.5306e+01 (9.0683e-02)
VE: 9.6003e+01 (1.8238e-01)
R: -1.2517e-04 (3.0647e-03)
R2: 1.2697e+01 (1.5810e-02)
BS: 5.9513e-01 (6.6165e-04)

Done.

