
Running simulation 680 from inputs/everything.in ( Everything ) ...

Number of Particles: 8
Dimension: 1
Number of Time Slices: 4
Inverse temperature (beta): 4
Simulation Time Step: 0.01
Simulation Box Size: 6
# of Bins per D: 100
Number of Equilibration Sweeps: 1000
Number of Recording Sweeps: 1000000
Variable Transformation: 2
Thermostat: 8
Interaction: 1
Nose-Hoover Length: 2
Order of Suzuki-Yoshida Factorization: 4
Number of Nose-Hoover Steps: 2

Outputting scalar data to data/traces/scalarTrace-8-1-4-4.0-0.01-6.0-100-1000-1000000-2-8-1-2-4-2.dat.

Outputting Grr data to data/traces/GrrTrace-8-1-4-4.0-0.01-6.0-100-1000-1000000-2-8-1-2-4-2.dat

Outputting Density data to data/traces/RDenTrace-8-1-4-4.0-0.01-6.0-100-1000-1000000-2-8-1-2-4-2.dat

Running Simulation:
0.0000e+00%
1.0000e+01%
2.0000e+01%
3.0000e+01%
4.0000e+01%
5.0000e+01%
6.0000e+01%
7.0000e+01%
8.0000e+01%
9.0000e+01%

Scalar Estimates:
t: 3.8505e+05 (3.9408e+03)
PE: 4.7139e+01 (5.1180e-02)
VE: 4.4338e+01 (4.8325e-02)
R: -8.9505e-05 (2.4846e-03)
R2: 1.2345e+01 (1.3343e-02)
BS: 4.9103e-02 (2.5581e-04)

Done.

