
Running simulation 713 from inputs/everything.in ( Everything ) ...

Number of Particles: 8
Dimension: 1
Number of Time Slices: 32
Inverse temperature (beta): 7
Simulation Time Step: 0.01
Simulation Box Size: 6
# of Bins per D: 100
Number of Equilibration Sweeps: 1000
Number of Recording Sweeps: 1000000
Variable Transformation: 2
Thermostat: 8
Interaction: 1
Nose-Hoover Length: 2
Order of Suzuki-Yoshida Factorization: 4
Number of Nose-Hoover Steps: 2

Outputting scalar data to data/traces/scalarTrace-8-1-32-7.0-0.01-6.0-100-1000-1000000-2-8-1-2-4-2.dat.

Outputting Grr data to data/traces/GrrTrace-8-1-32-7.0-0.01-6.0-100-1000-1000000-2-8-1-2-4-2.dat

Outputting Density data to data/traces/RDenTrace-8-1-32-7.0-0.01-6.0-100-1000-1000000-2-8-1-2-4-2.dat

Running Simulation:
0.0000e+00%
1.0000e+01%
2.0000e+01%
3.0000e+01%
4.0000e+01%
5.0000e+01%
6.0000e+01%
7.0000e+01%
8.0000e+01%
9.0000e+01%

Scalar Estimates:
t: 5.9661e+06 (6.0881e+04)
PE: 6.0546e+01 (6.2860e-02)
VE: 4.3354e+01 (4.6899e-02)
R: -7.8470e-05 (2.4747e-03)
R2: 1.2245e+01 (1.3143e-02)
BS: 4.1714e-02 (8.5432e-05)

Done.

