
Running simulation 752 from inputs/everything.in ( Everything ) ...

Number of Particles: 1
Dimension: 1
Number of Time Slices: 4
Inverse temperature (beta): 4
Simulation Time Step: 0.01
Simulation Box Size: 6
# of Bins per D: 100
Number of Equilibration Sweeps: 1000
Number of Recording Sweeps: 1000000
Variable Transformation: 2
Thermostat: 2
Interaction: 0
Nose-Hoover Length: 2
Order of Suzuki-Yoshida Factorization: 4
Number of Nose-Hoover Steps: 2

Outputting scalar data to data/traces/scalarTrace-1-1-4-4.0-0.01-6.0-100-1000-1000000-2-2-0-2-4-2.dat.

Outputting Grr data to data/traces/GrrTrace-1-1-4-4.0-0.01-6.0-100-1000-1000000-2-2-0-2-4-2.dat

Outputting Density data to data/traces/RDenTrace-1-1-4-4.0-0.01-6.0-100-1000-1000000-2-2-0-2-4-2.dat

Running Simulation:
0.0000e+00%
1.0000e+01%
2.0000e+01%
3.0000e+01%
4.0000e+01%
5.0000e+01%
6.0000e+01%
7.0000e+01%
8.0000e+01%
9.0000e+01%

Scalar Estimates:
t: 3.5455e+04 (6.1374e+02)
PE: 4.5979e-01 (6.0329e-03)
VE: 4.3727e-01 (4.4142e-03)
R: -3.0416e-03 (8.2725e-03)
R2: 4.5562e-01 (6.1082e-03)
BS: 3.6948e-01 (4.0986e-03)

Done.

