
Running simulation 501 from inputs/everything.in ( Everything ) ...

Number of Particles: 1
Dimension: 1
Number of Time Slices: 32
Inverse temperature (beta): 3
Simulation Time Step: 0.01
Simulation Box Size: 6
# of Bins per D: 100
Number of Equilibration Sweeps: 1000
Number of Recording Sweeps: 1000000
Variable Transformation: 1
Thermostat: 2
Interaction: 0
Nose-Hoover Length: 2
Order of Suzuki-Yoshida Factorization: 4
Number of Nose-Hoover Steps: 2

Outputting scalar data to data/traces/scalarTrace-1-1-32-3.0-0.01-6.0-100-1000-1000000-1-2-0-2-4-2.dat.

Outputting Grr data to data/traces/GrrTrace-1-1-32-3.0-0.01-6.0-100-1000-1000000-1-2-0-2-4-2.dat

Outputting Density data to data/traces/RDenTrace-1-1-32-3.0-0.01-6.0-100-1000-1000000-1-2-0-2-4-2.dat

Running Simulation:
0.0000e+00%
1.0000e+01%
2.0000e+01%
3.0000e+01%
4.0000e+01%
5.0000e+01%
6.0000e+01%
7.0000e+01%
8.0000e+01%
9.0000e+01%

Scalar Estimates:
t: 2.3364e+05 (2.4343e+03)
PE: 5.4416e-01 (1.4936e-02)
VE: 5.3577e-01 (3.9441e-03)
R: 6.3342e-03 (9.0746e-03)
R2: 5.5727e-01 (6.3186e-03)
BS: 3.7244e-01 (1.4155e-03)

Done.

