
Running simulation 556 from inputs/everything.in ( Everything ) ...

Number of Particles: 8
Dimension: 1
Number of Time Slices: 16
Inverse temperature (beta): 8
Simulation Time Step: 0.01
Simulation Box Size: 6
# of Bins per D: 100
Number of Equilibration Sweeps: 1000
Number of Recording Sweeps: 1000000
Variable Transformation: 1
Thermostat: 2
Interaction: 1
Nose-Hoover Length: 2
Order of Suzuki-Yoshida Factorization: 4
Number of Nose-Hoover Steps: 2

Outputting scalar data to data/traces/scalarTrace-8-1-16-8.0-0.01-6.0-100-1000-1000000-1-2-1-2-4-2.dat.

Outputting Grr data to data/traces/GrrTrace-8-1-16-8.0-0.01-6.0-100-1000-1000000-1-2-1-2-4-2.dat

Outputting Density data to data/traces/RDenTrace-8-1-16-8.0-0.01-6.0-100-1000-1000000-1-2-1-2-4-2.dat

Running Simulation:
0.0000e+00%
1.0000e+01%
2.0000e+01%
3.0000e+01%
4.0000e+01%
5.0000e+01%
6.0000e+01%
7.0000e+01%
8.0000e+01%
9.0000e+01%

Scalar Estimates:
t: 1.8025e+06 (1.8414e+04)
PE: 3.1220e+01 (3.5560e-02)
VE: 2.9730e+01 (4.8754e-02)
R: -9.4034e-04 (1.8037e-03)
R2: 7.3757e+00 (8.5174e-03)
BS: 2.2022e-01 (7.4386e-04)

Done.

