
Running simulation 830 from inputs/everything.in ( Everything ) ...

Number of Particles: 8
Dimension: 1
Number of Time Slices: 8
Inverse temperature (beta): 10
Simulation Time Step: 0.01
Simulation Box Size: 6
# of Bins per D: 100
Number of Equilibration Sweeps: 1000
Number of Recording Sweeps: 1000000
Variable Transformation: 2
Thermostat: 2
Interaction: 1
Nose-Hoover Length: 2
Order of Suzuki-Yoshida Factorization: 4
Number of Nose-Hoover Steps: 2

Outputting scalar data to data/traces/scalarTrace-8-1-8-10.0-0.01-6.0-100-1000-1000000-2-2-1-2-4-2.dat.

Outputting Grr data to data/traces/GrrTrace-8-1-8-10.0-0.01-6.0-100-1000-1000000-2-2-1-2-4-2.dat

Outputting Density data to data/traces/RDenTrace-8-1-8-10.0-0.01-6.0-100-1000-1000000-2-2-1-2-4-2.dat

Running Simulation:
0.0000e+00%
1.0000e+01%
2.0000e+01%
3.0000e+01%
4.0000e+01%
5.0000e+01%
6.0000e+01%
7.0000e+01%
8.0000e+01%
9.0000e+01%

Scalar Estimates:
t: 1.0879e+06 (1.1105e+04)
PE: 2.3005e+01 (2.4786e-02)
VE: 2.2621e+01 (4.5955e-02)
R: -2.4272e-04 (1.6363e-03)
R2: 6.4647e+00 (7.0106e-03)
BS: 1.8092e-01 (1.6358e-03)

Done.

