
Running simulation 208 from inputs/everything.in ( Everything ) ...

Number of Particles: 1
Dimension: 1
Number of Time Slices: 32
Inverse temperature (beta): 8
Simulation Time Step: 0.01
Simulation Box Size: 6
# of Bins per D: 100
Number of Equilibration Sweeps: 1000
Number of Recording Sweeps: 1000000
Variable Transformation: 0
Thermostat: 2
Interaction: 0
Nose-Hoover Length: 2
Order of Suzuki-Yoshida Factorization: 4
Number of Nose-Hoover Steps: 2

Outputting scalar data to data/traces/scalarTrace-1-1-32-8.0-0.01-6.0-100-1000-1000000-0-2-0-2-4-2.dat.

Outputting Grr data to data/traces/GrrTrace-1-1-32-8.0-0.01-6.0-100-1000-1000000-0-2-0-2-4-2.dat

Outputting Density data to data/traces/RDenTrace-1-1-32-8.0-0.01-6.0-100-1000-1000000-0-2-0-2-4-2.dat

Running Simulation:
0.0000e+00%
1.0000e+01%
2.0000e+01%
3.0000e+01%
4.0000e+01%
5.0000e+01%
6.0000e+01%
7.0000e+01%
8.0000e+01%
9.0000e+01%

Scalar Estimates:
t: 2.2131e+05 (2.3091e+03)
PE: 5.0134e-01 (1.2161e-02)
VE: 5.0395e-01 (1.1304e-02)
R: 3.0408e-02 (2.8097e-02)
R2: 5.0838e-01 (1.3342e-02)
BS: 4.9130e-01 (5.3031e-03)

Done.

