
Running simulation 181 from inputs/everything.in ( Everything ) ...

Number of Particles: 1
Dimension: 1
Number of Time Slices: 8
Inverse temperature (beta): 12
Simulation Time Step: 0.01
Simulation Box Size: 6
# of Bins per D: 100
Number of Equilibration Sweeps: 1000
Number of Recording Sweeps: 1000000
Variable Transformation: 0
Thermostat: 2
Interaction: 0
Nose-Hoover Length: 2
Order of Suzuki-Yoshida Factorization: 4
Number of Nose-Hoover Steps: 2

Outputting scalar data to data/traces/scalarTrace-1-1-8-12.0-0.01-6.0-100-1000-1000000-0-2-0-2-4-2.dat.

Outputting Grr data to data/traces/GrrTrace-1-1-8-12.0-0.01-6.0-100-1000-1000000-0-2-0-2-4-2.dat

Outputting Density data to data/traces/RDenTrace-1-1-8-12.0-0.01-6.0-100-1000-1000000-0-2-0-2-4-2.dat

Running Simulation:
0.0000e+00%
1.0000e+01%
2.0000e+01%
3.0000e+01%
4.0000e+01%
5.0000e+01%
6.0000e+01%
7.0000e+01%
8.0000e+01%
9.0000e+01%

Scalar Estimates:
t: 5.8283e+04 (6.7405e+02)
PE: 3.9921e-01 (2.9055e-03)
VE: 3.8078e-01 (5.8559e-03)
R: 1.3136e-02 (1.0242e-02)
R2: 3.9773e-01 (6.7314e-03)
BS: 4.4627e-01 (3.4839e-03)

Done.

