
Running simulation 348 from inputs/everything.in ( Everything ) ...

Number of Particles: 1
Dimension: 1
Number of Time Slices: 16
Inverse temperature (beta): 0.5
Simulation Time Step: 0.01
Simulation Box Size: 6
# of Bins per D: 100
Number of Equilibration Sweeps: 1000
Number of Recording Sweeps: 1000000
Variable Transformation: 1
Thermostat: 1
Interaction: 0
Nose-Hoover Length: 2
Order of Suzuki-Yoshida Factorization: 4
Number of Nose-Hoover Steps: 2

Outputting scalar data to data/traces/scalarTrace-1-1-16-0.5-0.01-6.0-100-1000-1000000-1-1-0-2-4-2.dat.

Outputting Grr data to data/traces/GrrTrace-1-1-16-0.5-0.01-6.0-100-1000-1000000-1-1-0-2-4-2.dat

Outputting Density data to data/traces/RDenTrace-1-1-16-0.5-0.01-6.0-100-1000-1000000-1-1-0-2-4-2.dat

Running Simulation:
0.0000e+00%
1.0000e+01%
2.0000e+01%
3.0000e+01%
4.0000e+01%
5.0000e+01%
6.0000e+01%
7.0000e+01%
8.0000e+01%
9.0000e+01%

Scalar Estimates:
t: 6.7364e+05 (6.8936e+03)
PE: 1.9962e+00 (3.2549e-02)
VE: 2.0298e+00 (3.6082e-02)
R: 1.2126e-02 (9.2734e-03)
R2: 2.0138e+00 (7.0966e-02)
BS: 1.6216e-01 (4.0164e-04)

Done.

