
Running simulation 351 from inputs/everything.in ( Everything ) ...

Number of Particles: 1
Dimension: 1
Number of Time Slices: 32
Inverse temperature (beta): 9
Simulation Time Step: 0.01
Simulation Box Size: 6
# of Bins per D: 100
Number of Equilibration Sweeps: 1000
Number of Recording Sweeps: 1000000
Variable Transformation: 1
Thermostat: 1
Interaction: 0
Nose-Hoover Length: 2
Order of Suzuki-Yoshida Factorization: 4
Number of Nose-Hoover Steps: 2

Outputting scalar data to data/traces/scalarTrace-1-1-32-9.0-0.01-6.0-100-1000-1000000-1-1-0-2-4-2.dat.

Outputting Grr data to data/traces/GrrTrace-1-1-32-9.0-0.01-6.0-100-1000-1000000-1-1-0-2-4-2.dat

Outputting Density data to data/traces/RDenTrace-1-1-32-9.0-0.01-6.0-100-1000-1000000-1-1-0-2-4-2.dat

Running Simulation:
0.0000e+00%
1.0000e+01%
2.0000e+01%
3.0000e+01%
4.0000e+01%
5.0000e+01%
6.0000e+01%
7.0000e+01%
8.0000e+01%
9.0000e+01%

Scalar Estimates:
t: 1.1597e+06 (1.1863e+04)
PE: 4.9792e-01 (5.5250e-03)
VE: 4.8933e-01 (4.1305e-03)
R: -1.0170e-03 (3.3250e-03)
R2: 4.9186e-01 (4.2375e-03)
BS: 4.9177e-01 (2.1048e-03)

Done.

