
Running simulation 460 from inputs/everything.in ( Everything ) ...

Number of Particles: 1
Dimension: 1
Number of Time Slices: 4
Inverse temperature (beta): 8
Simulation Time Step: 0.01
Simulation Box Size: 6
# of Bins per D: 100
Number of Equilibration Sweeps: 1000
Number of Recording Sweeps: 1000000
Variable Transformation: 1
Thermostat: 2
Interaction: 0
Nose-Hoover Length: 2
Order of Suzuki-Yoshida Factorization: 4
Number of Nose-Hoover Steps: 2

Outputting scalar data to data/traces/scalarTrace-1-1-4-8.0-0.01-6.0-100-1000-1000000-1-2-0-2-4-2.dat.

Outputting Grr data to data/traces/GrrTrace-1-1-4-8.0-0.01-6.0-100-1000-1000000-1-2-0-2-4-2.dat

Outputting Density data to data/traces/RDenTrace-1-1-4-8.0-0.01-6.0-100-1000-1000000-1-2-0-2-4-2.dat

Running Simulation:
0.0000e+00%
1.0000e+01%
2.0000e+01%
3.0000e+01%
4.0000e+01%
5.0000e+01%
6.0000e+01%
7.0000e+01%
8.0000e+01%
9.0000e+01%

Scalar Estimates:
t: 3.2020e+04 (5.3683e+02)
PE: 3.5160e-01 (1.6351e-03)
VE: 3.2459e-01 (5.9929e-03)
R: 1.1434e-02 (4.4785e-03)
R2: 3.4861e-01 (8.4004e-03)
BS: 3.7754e-01 (5.0577e-03)

Done.

