
Running simulation 450 from inputs/everything.in ( Everything ) ...

Number of Particles: 1
Dimension: 1
Number of Time Slices: 2
Inverse temperature (beta): 6
Simulation Time Step: 0.01
Simulation Box Size: 6
# of Bins per D: 100
Number of Equilibration Sweeps: 1000
Number of Recording Sweeps: 1000000
Variable Transformation: 1
Thermostat: 2
Interaction: 0
Nose-Hoover Length: 2
Order of Suzuki-Yoshida Factorization: 4
Number of Nose-Hoover Steps: 2

Outputting scalar data to data/traces/scalarTrace-1-1-2-6.0-0.01-6.0-100-1000-1000000-1-2-0-2-4-2.dat.

Outputting Grr data to data/traces/GrrTrace-1-1-2-6.0-0.01-6.0-100-1000-1000000-1-2-0-2-4-2.dat

Outputting Density data to data/traces/RDenTrace-1-1-2-6.0-0.01-6.0-100-1000-1000000-1-2-0-2-4-2.dat

Running Simulation:
0.0000e+00%
1.0000e+01%
2.0000e+01%
3.0000e+01%
4.0000e+01%
5.0000e+01%
6.0000e+01%
7.0000e+01%
8.0000e+01%
9.0000e+01%

Scalar Estimates:
t: 1.7980e+04 (4.3025e+02)
PE: 2.8201e-01 (2.2062e-03)
VE: 2.5691e-01 (3.9593e-03)
R: -5.0395e-03 (5.1022e-03)
R2: 2.8099e-01 (5.4157e-03)
BS: 2.6735e-01 (4.9453e-03)

Done.

