
Running simulation 41 from inputs/everything.in ( Everything ) ...

Number of Particles: 1
Dimension: 1
Number of Time Slices: 8
Inverse temperature (beta): 7
Simulation Time Step: 0.01
Simulation Box Size: 6
# of Bins per D: 100
Number of Equilibration Sweeps: 1000
Number of Recording Sweeps: 1000000
Variable Transformation: 0
Thermostat: 1
Interaction: 0
Nose-Hoover Length: 2
Order of Suzuki-Yoshida Factorization: 4
Number of Nose-Hoover Steps: 2

Outputting scalar data to data/traces/scalarTrace-1-1-8-7.0-0.01-6.0-100-1000-1000000-0-1-0-2-4-2.dat.

Outputting Grr data to data/traces/GrrTrace-1-1-8-7.0-0.01-6.0-100-1000-1000000-0-1-0-2-4-2.dat

Outputting Density data to data/traces/RDenTrace-1-1-8-7.0-0.01-6.0-100-1000-1000000-0-1-0-2-4-2.dat

Running Simulation:
0.0000e+00%
1.0000e+01%
2.0000e+01%
3.0000e+01%
4.0000e+01%
5.0000e+01%
6.0000e+01%
7.0000e+01%
8.0000e+01%
9.0000e+01%

Scalar Estimates:
t: 2.9909e+05 (3.0988e+03)
PE: 4.5598e-01 (5.5008e-03)
VE: 4.4506e-01 (3.7175e-03)
R: 3.8521e-03 (5.6548e-03)
R2: 4.5621e-01 (5.8475e-03)
BS: 4.4851e-01 (2.8098e-03)

Done.

