
Running simulation 611 from inputs/everything.in ( Everything ) ...

Number of Particles: 1
Dimension: 1
Number of Time Slices: 4
Inverse temperature (beta): 1
Simulation Time Step: 0.01
Simulation Box Size: 6
# of Bins per D: 100
Number of Equilibration Sweeps: 1000
Number of Recording Sweeps: 1000000
Variable Transformation: 2
Thermostat: 1
Interaction: 0
Nose-Hoover Length: 2
Order of Suzuki-Yoshida Factorization: 4
Number of Nose-Hoover Steps: 2

Outputting scalar data to data/traces/scalarTrace-1-1-4-1.0-0.01-6.0-100-1000-1000000-2-1-0-2-4-2.dat.

Outputting Grr data to data/traces/GrrTrace-1-1-4-1.0-0.01-6.0-100-1000-1000000-2-1-0-2-4-2.dat

Outputting Density data to data/traces/RDenTrace-1-1-4-1.0-0.01-6.0-100-1000-1000000-2-1-0-2-4-2.dat

Running Simulation:
0.0000e+00%
1.0000e+01%
2.0000e+01%
3.0000e+01%
4.0000e+01%
5.0000e+01%
6.0000e+01%
7.0000e+01%
8.0000e+01%
9.0000e+01%

Scalar Estimates:
t: 1.6646e+05 (1.7426e+03)
PE: 1.0716e+00 (1.7218e-02)
VE: 1.0621e+00 (1.6108e-02)
R: -4.9684e-03 (9.2228e-03)
R2: 1.0586e+00 (3.1095e-02)
BS: 2.1962e-01 (8.1434e-04)

Done.

