
Running simulation 229 from inputs/everything.in ( Everything ) ...

Number of Particles: 8
Dimension: 1
Number of Time Slices: 2
Inverse temperature (beta): 12
Simulation Time Step: 0.01
Simulation Box Size: 6
# of Bins per D: 100
Number of Equilibration Sweeps: 1000
Number of Recording Sweeps: 1000000
Variable Transformation: 0
Thermostat: 2
Interaction: 1
Nose-Hoover Length: 2
Order of Suzuki-Yoshida Factorization: 4
Number of Nose-Hoover Steps: 2

Outputting scalar data to data/traces/scalarTrace-8-1-2-12.0-0.01-6.0-100-1000-1000000-0-2-1-2-4-2.dat.

Outputting Grr data to data/traces/GrrTrace-8-1-2-12.0-0.01-6.0-100-1000-1000000-0-2-1-2-4-2.dat

Outputting Density data to data/traces/RDenTrace-8-1-2-12.0-0.01-6.0-100-1000-1000000-0-2-1-2-4-2.dat

Running Simulation:
0.0000e+00%
1.0000e+01%
2.0000e+01%
3.0000e+01%
4.0000e+01%
5.0000e+01%
6.0000e+01%
7.0000e+01%
8.0000e+01%
9.0000e+01%

Scalar Estimates:
t: 2.6030e+05 (2.6955e+03)
PE: 1.7979e+01 (1.8487e-02)
VE: 1.7872e+01 (1.9166e-02)
R: -6.6173e-04 (1.9107e-03)
R2: 5.9791e+00 (6.1250e-03)
BS: 8.0979e-02 (8.5507e-04)

Done.

