
Running simulation 706 from inputs/everything.in ( Everything ) ...

Number of Particles: 8
Dimension: 1
Number of Time Slices: 16
Inverse temperature (beta): 2
Simulation Time Step: 0.01
Simulation Box Size: 6
# of Bins per D: 100
Number of Equilibration Sweeps: 1000
Number of Recording Sweeps: 1000000
Variable Transformation: 2
Thermostat: 8
Interaction: 1
Nose-Hoover Length: 2
Order of Suzuki-Yoshida Factorization: 4
Number of Nose-Hoover Steps: 2

Outputting scalar data to data/traces/scalarTrace-8-1-16-2.0-0.01-6.0-100-1000-1000000-2-8-1-2-4-2.dat.

Outputting Grr data to data/traces/GrrTrace-8-1-16-2.0-0.01-6.0-100-1000-1000000-2-8-1-2-4-2.dat

Outputting Density data to data/traces/RDenTrace-8-1-16-2.0-0.01-6.0-100-1000-1000000-2-8-1-2-4-2.dat

Running Simulation:
0.0000e+00%
1.0000e+01%
2.0000e+01%
3.0000e+01%
4.0000e+01%
5.0000e+01%
6.0000e+01%
7.0000e+01%
8.0000e+01%
9.0000e+01%

Scalar Estimates:
t: 2.0945e+06 (2.1379e+04)
PE: 7.3855e+01 (7.6999e-02)
VE: 4.4824e+01 (4.8758e-02)
R: -7.6991e-05 (2.4776e-03)
R2: 1.2261e+01 (1.3236e-02)
BS: 3.6935e-02 (1.2026e-04)

Done.

