
Running simulation 396 from inputs/everything.in ( Everything ) ...

Number of Particles: 8
Dimension: 1
Number of Time Slices: 4
Inverse temperature (beta): 0.5
Simulation Time Step: 0.01
Simulation Box Size: 6
# of Bins per D: 100
Number of Equilibration Sweeps: 1000
Number of Recording Sweeps: 1000000
Variable Transformation: 1
Thermostat: 8
Interaction: 1
Nose-Hoover Length: 2
Order of Suzuki-Yoshida Factorization: 4
Number of Nose-Hoover Steps: 2

Outputting scalar data to data/traces/scalarTrace-8-1-4-0.5-0.01-6.0-100-1000-1000000-1-8-1-2-4-2.dat.

Outputting Grr data to data/traces/GrrTrace-8-1-4-0.5-0.01-6.0-100-1000-1000000-1-8-1-2-4-2.dat

Outputting Density data to data/traces/RDenTrace-8-1-4-0.5-0.01-6.0-100-1000-1000000-1-8-1-2-4-2.dat

Running Simulation:
0.0000e+00%
1.0000e+01%
2.0000e+01%
3.0000e+01%
4.0000e+01%
5.0000e+01%
6.0000e+01%
7.0000e+01%
8.0000e+01%
9.0000e+01%

Scalar Estimates:
t: 3.5657e+05 (3.6460e+03)
PE: 7.5596e+01 (1.0442e-01)
VE: 6.3526e+01 (1.4536e-01)
R: -7.3110e-05 (3.5391e-03)
R2: 1.4378e+01 (2.3357e-02)
BS: 1.0361e-01 (5.3994e-04)

Done.

