
Running simulation 646 from inputs/everything.in ( Everything ) ...

Number of Particles: 1
Dimension: 1
Number of Time Slices: 32
Inverse temperature (beta): 2
Simulation Time Step: 0.01
Simulation Box Size: 6
# of Bins per D: 100
Number of Equilibration Sweeps: 1000
Number of Recording Sweeps: 1000000
Variable Transformation: 2
Thermostat: 1
Interaction: 0
Nose-Hoover Length: 2
Order of Suzuki-Yoshida Factorization: 4
Number of Nose-Hoover Steps: 2

Outputting scalar data to data/traces/scalarTrace-1-1-32-2.0-0.01-6.0-100-1000-1000000-2-1-0-2-4-2.dat.

Outputting Grr data to data/traces/GrrTrace-1-1-32-2.0-0.01-6.0-100-1000-1000000-2-1-0-2-4-2.dat

Outputting Density data to data/traces/RDenTrace-1-1-32-2.0-0.01-6.0-100-1000-1000000-2-1-0-2-4-2.dat

Running Simulation:
0.0000e+00%
1.0000e+01%
2.0000e+01%
3.0000e+01%
4.0000e+01%
5.0000e+01%
6.0000e+01%
7.0000e+01%
8.0000e+01%
9.0000e+01%

Scalar Estimates:
t: 1.5783e+06 (1.6195e+04)
PE: 6.7275e-01 (1.3817e-02)
VE: 6.3477e-01 (5.5692e-03)
R: 1.2109e-02 (9.2890e-03)
R2: 6.4624e-01 (1.0337e-02)
BS: 3.1436e-01 (8.9365e-04)

Done.

