
Running simulation 735 from inputs/everything.in ( Everything ) ...

Number of Particles: 1
Dimension: 1
Number of Time Slices: 2
Inverse temperature (beta): 9
Simulation Time Step: 0.01
Simulation Box Size: 6
# of Bins per D: 100
Number of Equilibration Sweeps: 1000
Number of Recording Sweeps: 1000000
Variable Transformation: 2
Thermostat: 2
Interaction: 0
Nose-Hoover Length: 2
Order of Suzuki-Yoshida Factorization: 4
Number of Nose-Hoover Steps: 2

Outputting scalar data to data/traces/scalarTrace-1-1-2-9.0-0.01-6.0-100-1000-1000000-2-2-0-2-4-2.dat.

Outputting Grr data to data/traces/GrrTrace-1-1-2-9.0-0.01-6.0-100-1000-1000000-2-2-0-2-4-2.dat

Outputting Density data to data/traces/RDenTrace-1-1-2-9.0-0.01-6.0-100-1000-1000000-2-2-0-2-4-2.dat

Running Simulation:
0.0000e+00%
1.0000e+01%
2.0000e+01%
3.0000e+01%
4.0000e+01%
5.0000e+01%
6.0000e+01%
7.0000e+01%
8.0000e+01%
9.0000e+01%

Scalar Estimates:
t: 1.0202e+04 (2.8422e+02)
PE: 2.0829e+262 (-nan)
VE: 1.9787e+264 (-nan)
R: -3.5056e+131 (1.4561e+130)
R2: 3.9575e+264 (-nan)
BS: 1.4284e-03 (1.4284e-03)

Done.

