
Running simulation 2 from inputs/example.in ( M = 32 ) ...

Number of Particles: 1
Dimension: 1
Number of Time Slices: 32
Inverse temperature (beta): 9
Simulation Time Step: 0.1
Simulation Box Size: 1
Number of Equilibration Sweeps: 1
Number of Recording Sweeps: 10000
Staging?: 1
Nose-Hoover?: 1
Nose-Hoover Length: 3
Order of Suzuki-Yoshida Factorization: 4
Number of Nose-Hoover Steps: 5

Outputting data to data/traces/scalarTrace-1-1-32-9.0-0.1-1.0-1-10000-1-1-3-4-5.dat.

Initial Measurements:
PE: 5.3722e-01 VE: 2.8794e-01 R: -8.8716e-02 R2: 2.6092e-01

Running Simulation:
0.0000e+00%
9.9990e+00%
1.9998e+01%
2.9997e+01%
3.9996e+01%
4.9995e+01%
5.9994e+01%
6.9993e+01%
7.9992e+01%
8.9991e+01%
9.9990e+01%

Scalar Estimates:
PE: 4.7871e-01 (1.7605e-02)
VE: 4.8733e-01 (1.0435e-02)
R: 1.1334e-02 (1.0800e-02)
R2: 4.8838e-01 (1.0224e-02)

Done.

