
Running simulation 4 from inputs/example.in ( M = 32 ) ...

Number of Particles: 2
Dimension: 1
Number of Time Slices: 32
Inverse temperature (beta): 10
Simulation Time Step: 0.01
Simulation Box Size: 1
Number of Equilibration Sweeps: 1000
Number of Recording Sweeps: 100000
Variable Transformation: 2
Thermostat: 2
Interaction: 2
Nose-Hoover Length: 3
Order of Suzuki-Yoshida Factorization: 4
Number of Nose-Hoover Steps: 5

Outputting scalar data to data/traces/scalarTrace-2-1-32-10.0-0.01-1.0-1000-100000-2-2-2-3-4-5.dat.

Outputting Grr data to data/traces/GrrTrace-2-1-32-10.0-0.01-1.0-1000-100000-2-2-2-3-4-5.dat

Outputting Density data to data/traces/RDenTrace-2-1-32-10.0-0.01-1.0-1000-100000-2-2-2-3-4-5.dat

Running Simulation:
0.0000e+00%
1.0000e+01%
2.0000e+01%
3.0000e+01%
4.0000e+01%
5.0000e+01%
6.0000e+01%
7.0000e+01%
8.0000e+01%
9.0000e+01%

Scalar Estimates:
PE: 1.9963e+10 (1.4922e+10)
VE: 9.3477e+16 (6.7135e+16)
R: -1.0441e-02 (1.1662e-02)
R2: 4.2002e+10 (2.9253e+10)
BS: 1.3669e+04 (8.3621e+03)

Done.

