
Running simulation 6 from inputs/NHBC16Beads.in ( M = 16 ) ...

Number of Particles: 1
Dimension: 1
Number of Time Slices: 16
Inverse temperature (beta): 6
Simulation Time Step: 0.1
Simulation Box Size: 1
Number of Equilibration Sweeps: 1
Number of Recording Sweeps: 100
Variable Transformation: 1
Thermostat: 1
Nose-Hoover Length: 3
Order of Suzuki-Yoshida Factorization: 4
Number of Nose-Hoover Steps: 5

Outputting data to data/traces/scalarTrace-1-1-16-6.0-0.1-1.0-1-100-1-1-3-4-5.dat.

Initial Measurements:
PE: 1.4493e-02 VE: 4.3690e-01 R: -6.2975e-02 R2: 3.7386e-01

Running Simulation:
0.0000e+00%
9.9010e+00%
1.9802e+01%
2.9703e+01%
3.9604e+01%
4.9505e+01%
5.9406e+01%
6.9307e+01%
7.9208e+01%
8.9109e+01%
9.9010e+01%

Scalar Estimates:
PE: 4.5536e-01 (9.7585e-02)
VE: 3.2840e-01 (4.2735e-02)
R: 6.9070e-03 (1.0001e-01)
R2: 3.0266e-01 (5.0118e-02)

Done.

