
Running simulation 2 from inputs/NHBC16Beads.in ( M = 16 ) ...

Number of Particles: 1
Dimension: 1
Number of Time Slices: 16
Inverse temperature (beta): 2
Simulation Time Step: 0.1
Simulation Box Size: 1
Number of Equilibration Sweeps: 1
Number of Recording Sweeps: 100
Variable Transformation: 1
Thermostat: 1
Nose-Hoover Length: 3
Order of Suzuki-Yoshida Factorization: 4
Number of Nose-Hoover Steps: 5

Outputting data to data/traces/scalarTrace-1-1-16-2.0-0.1-1.0-1-100-1-1-3-4-5.dat.

Initial Measurements:
PE: -2.1138e+00 VE: 6.5648e-01 R: 1.6054e-01 R2: 4.3893e-01

Running Simulation:
0.0000e+00%
9.9010e+00%
1.9802e+01%
2.9703e+01%
3.9604e+01%
4.9505e+01%
5.9406e+01%
6.9307e+01%
7.9208e+01%
8.9109e+01%
9.9010e+01%

Scalar Estimates:
PE: 4.8112e-01 (3.0993e-01)
VE: 7.6153e-01 (1.4636e-01)
R: -2.9657e-02 (2.5153e-01)
R2: 8.0003e-01 (2.4760e-01)

Done.

