
Running simulation 2 from inputs/NHBC8Beads.in ( M = 8 ) ...

Number of Particles: 1
Dimension: 1
Number of Time Slices: 8
Inverse temperature (beta): 2
Simulation Time Step: 0.1
Simulation Box Size: 1
Number of Equilibration Sweeps: 1
Number of Recording Sweeps: 100
Variable Transformation: 1
Thermostat: 1
Nose-Hoover Length: 3
Order of Suzuki-Yoshida Factorization: 4
Number of Nose-Hoover Steps: 5

Outputting data to data/traces/scalarTrace-1-1-8-2.0-0.1-1.0-1-100-1-1-3-4-5.dat.

Initial Measurements:
PE: 1.5540e+00 VE: 3.8652e-01 R: 4.2039e-01 R2: 2.4817e-01

Running Simulation:
0.0000e+00%
9.9010e+00%
1.9802e+01%
2.9703e+01%
3.9604e+01%
4.9505e+01%
5.9406e+01%
6.9307e+01%
7.9208e+01%
8.9109e+01%
9.9010e+01%

Scalar Estimates:
PE: 7.6601e-01 (2.5340e-01)
VE: 5.2052e-01 (4.5840e-02)
R: -1.7793e-01 (1.8397e-01)
R2: 4.4582e-01 (8.0275e-02)

Done.

