
Running simulation 4 from inputs/NHBC8Beads.in ( M = 8 ) ...

Number of Particles: 1
Dimension: 1
Number of Time Slices: 8
Inverse temperature (beta): 4
Simulation Time Step: 0.1
Simulation Box Size: 1
Number of Equilibration Sweeps: 1
Number of Recording Sweeps: 100
Variable Transformation: 1
Thermostat: 1
Nose-Hoover Length: 3
Order of Suzuki-Yoshida Factorization: 4
Number of Nose-Hoover Steps: 5

Outputting data to data/traces/scalarTrace-1-1-8-4.0-0.1-1.0-1-100-1-1-3-4-5.dat.

Initial Measurements:
PE: 9.6314e-01 VE: 4.0835e-01 R: 5.9452e-01 R2: 4.9635e-01

Running Simulation:
0.0000e+00%
9.9010e+00%
1.9802e+01%
2.9703e+01%
3.9604e+01%
4.9505e+01%
5.9406e+01%
6.9307e+01%
7.9208e+01%
8.9109e+01%
9.9010e+01%

Scalar Estimates:
PE: 7.6849e-01 (1.3469e-01)
VE: 4.8206e-01 (4.7261e-02)
R: -2.3010e-02 (2.4295e-01)
R2: 5.7866e-01 (8.5608e-02)

Done.

