
Running simulation 5 from inputs/NHBC16Beads.in ( M = 16 ) ...

Number of Particles: 1
Dimension: 1
Number of Time Slices: 16
Inverse temperature (beta): 5
Simulation Time Step: 0.1
Simulation Box Size: 1
Number of Equilibration Sweeps: 1
Number of Recording Sweeps: 100
Variable Transformation: 1
Thermostat: 1
Nose-Hoover Length: 3
Order of Suzuki-Yoshida Factorization: 4
Number of Nose-Hoover Steps: 5

Outputting data to data/traces/scalarTrace-1-1-16-5.0-0.1-1.0-1-100-1-1-3-4-5.dat.

Initial Measurements:
PE: -5.1150e-02 VE: 3.8254e-01 R: -5.7488e-02 R2: 3.1155e-01

Running Simulation:
0.0000e+00%
9.9010e+00%
1.9802e+01%
2.9703e+01%
3.9604e+01%
4.9505e+01%
5.9406e+01%
6.9307e+01%
7.9208e+01%
8.9109e+01%
9.9010e+01%

Scalar Estimates:
PE: 3.8423e-01 (1.2847e-01)
VE: 3.5310e-01 (2.9640e-02)
R: 3.0454e-02 (6.2181e-02)
R2: 2.9995e-01 (2.7582e-02)

Done.

