
Running simulation 11 from inputs/NHBC8Beads.in ( M = 8 ) ...

Number of Particles: 1
Dimension: 1
Number of Time Slices: 8
Inverse temperature (beta): 10
Simulation Time Step: 0.1
Simulation Box Size: 1
Number of Equilibration Sweeps: 1
Number of Recording Sweeps: 100
Variable Transformation: 1
Thermostat: 1
Nose-Hoover Length: 3
Order of Suzuki-Yoshida Factorization: 4
Number of Nose-Hoover Steps: 5

Outputting data to data/traces/scalarTrace-1-1-8-10.0-0.1-1.0-1-100-1-1-3-4-5.dat.

Initial Measurements:
PE: 9.0642e-01 VE: 8.0950e-01 R: 9.4001e-01 R2: 1.2409e+00

Running Simulation:
0.0000e+00%
9.9010e+00%
1.9802e+01%
2.9703e+01%
3.9604e+01%
4.9505e+01%
5.9406e+01%
6.9307e+01%
7.9208e+01%
8.9109e+01%
9.9010e+01%

Scalar Estimates:
PE: 6.1749e-01 (4.8765e-02)
VE: 4.3418e-01 (5.3371e-02)
R: -5.5517e-02 (2.3861e-01)
R2: 6.0428e-01 (9.2577e-02)

Done.

