
Running simulation 1 from inputs/NHBC8Beads.in ( M = 8 ) ...

Number of Particles: 1
Dimension: 1
Number of Time Slices: 8
Inverse temperature (beta): 1
Simulation Time Step: 0.1
Simulation Box Size: 1
Number of Equilibration Sweeps: 1
Number of Recording Sweeps: 100
Variable Transformation: 1
Thermostat: 1
Nose-Hoover Length: 3
Order of Suzuki-Yoshida Factorization: 4
Number of Nose-Hoover Steps: 5

Outputting data to data/traces/scalarTrace-1-1-8-1.0-0.1-1.0-1-100-1-1-3-4-5.dat.

Initial Measurements:
PE: 2.9219e+00 VE: 5.6644e-01 R: 2.9726e-01 R2: 1.2409e-01

Running Simulation:
0.0000e+00%
9.9010e+00%
1.9802e+01%
2.9703e+01%
3.9604e+01%
4.9505e+01%
5.9406e+01%
6.9307e+01%
7.9208e+01%
8.9109e+01%
9.9010e+01%

Scalar Estimates:
PE: 1.2452e+00 (5.2413e-01)
VE: 1.2339e+00 (3.4713e-01)
R: 4.5574e-01 (6.0329e-01)
R2: 1.3813e+00 (6.7224e-01)

Done.

