
Running simulation 4 from inputs/NHBC16Beads.in ( M = 16 ) ...

Number of Particles: 1
Dimension: 1
Number of Time Slices: 16
Inverse temperature (beta): 4
Simulation Time Step: 0.1
Simulation Box Size: 1
Number of Equilibration Sweeps: 1
Number of Recording Sweeps: 100
Variable Transformation: 1
Thermostat: 1
Nose-Hoover Length: 3
Order of Suzuki-Yoshida Factorization: 4
Number of Nose-Hoover Steps: 5

Outputting data to data/traces/scalarTrace-1-1-16-4.0-0.1-1.0-1-100-1-1-3-4-5.dat.

Initial Measurements:
PE: -1.3404e-01 VE: 3.4033e-01 R: -5.1419e-02 R2: 2.4924e-01

Running Simulation:
0.0000e+00%
9.9010e+00%
1.9802e+01%
2.9703e+01%
3.9604e+01%
4.9505e+01%
5.9406e+01%
6.9307e+01%
7.9208e+01%
8.9109e+01%
9.9010e+01%

Scalar Estimates:
PE: 3.8581e-01 (2.1395e-01)
VE: 8.0778e-01 (2.8441e-01)
R: 5.4490e-01 (2.1215e-01)
R2: 9.1318e-01 (3.8003e-01)

Done.

