
Running simulation 9 from inputs/NHBC16Beads.in ( M = 16 ) ...

Number of Particles: 1
Dimension: 1
Number of Time Slices: 16
Inverse temperature (beta): 9
Simulation Time Step: 0.1
Simulation Box Size: 1
Number of Equilibration Sweeps: 1
Number of Recording Sweeps: 100
Variable Transformation: 1
Thermostat: 1
Nose-Hoover Length: 3
Order of Suzuki-Yoshida Factorization: 4
Number of Nose-Hoover Steps: 5

Outputting data to data/traces/scalarTrace-1-1-16-9.0-0.1-1.0-1-100-1-1-3-4-5.dat.

Initial Measurements:
PE: 1.6544e-01 VE: 6.4209e-01 R: -7.7128e-02 R2: 5.6079e-01

Running Simulation:
0.0000e+00%
9.9010e+00%
1.9802e+01%
2.9703e+01%
3.9604e+01%
4.9505e+01%
5.9406e+01%
6.9307e+01%
7.9208e+01%
8.9109e+01%
9.9010e+01%

Scalar Estimates:
PE: 4.5282e-01 (8.3560e-02)
VE: 3.8615e-01 (5.7974e-02)
R: -1.7685e-02 (7.5420e-02)
R2: 3.6541e-01 (4.7950e-02)

Done.

