
Running simulation 8 from inputs/NHBC16Beads.in ( M = 16 ) ...

Number of Particles: 1
Dimension: 1
Number of Time Slices: 16
Inverse temperature (beta): 8
Simulation Time Step: 0.1
Simulation Box Size: 1
Number of Equilibration Sweeps: 1
Number of Recording Sweeps: 100
Variable Transformation: 1
Thermostat: 1
Nose-Hoover Length: 3
Order of Suzuki-Yoshida Factorization: 4
Number of Nose-Hoover Steps: 5

Outputting data to data/traces/scalarTrace-1-1-16-8.0-0.1-1.0-1-100-1-1-3-4-5.dat.

Initial Measurements:
PE: 1.1991e-01 VE: 5.6830e-01 R: -7.2717e-02 R2: 4.9848e-01

Running Simulation:
0.0000e+00%
9.9010e+00%
1.9802e+01%
2.9703e+01%
3.9604e+01%
4.9505e+01%
5.9406e+01%
6.9307e+01%
7.9208e+01%
8.9109e+01%
9.9010e+01%

Scalar Estimates:
PE: 4.7298e-01 (1.0216e-01)
VE: 3.5923e-01 (5.1301e-02)
R: -8.4718e-03 (8.0801e-02)
R2: 3.4026e-01 (4.2071e-02)

Done.

