
Running simulation 21 from inputs/NHT1.in ( Nose Hoover Testing ) ...

Number of Particles: 1
Dimension: 1
Number of Time Slices: 32
Inverse temperature (beta): 1
Simulation Time Step: 0.1
Simulation Box Size: 1
# of Bins per D: 1
Number of Equilibration Sweeps: 1
Number of Recording Sweeps: 1000000
Variable Transformation: 1
Thermostat: 1
Interaction: 0
Nose-Hoover Length: 2
Order of Suzuki-Yoshida Factorization: 6
Number of Nose-Hoover Steps: 1

Outputting scalar data to data/traces/scalarTrace-1-1-32-1.0-0.1-1.0-1-1-1000000-1-1-0-2-6-1.dat.

Outputting Grr data to data/traces/GrrTrace-1-1-32-1.0-0.1-1.0-1-1-1000000-1-1-0-2-6-1.dat

Outputting Density data to data/traces/RDenTrace-1-1-32-1.0-0.1-1.0-1-1-1000000-1-1-0-2-6-1.dat

Running Simulation:
0.0000e+00%
1.0000e+01%
2.0000e+01%
3.0000e+01%
4.0000e+01%
5.0000e+01%
6.0000e+01%
7.0000e+01%
8.0000e+01%
9.0000e+01%
1.0000e+02%

Scalar Estimates:
t: 1.8699e+06 (2.7702e+04)
PE: -2.6403e-02 (2.5305e-02)
VE: 1.0828e+00 (1.0339e-03)
R: 2.5618e-03 (9.3356e-04)
R2: 1.0846e+00 (1.9482e-03)
BS: 2.3906e-01 (2.9864e-04)

Done.

