
Running simulation 41 from inputs/NHT1.in ( Nose Hoover Testing ) ...

Number of Particles: 1
Dimension: 1
Number of Time Slices: 32
Inverse temperature (beta): 10
Simulation Time Step: 0.1
Simulation Box Size: 1
# of Bins per D: 1
Number of Equilibration Sweeps: 1
Number of Recording Sweeps: 1000000
Variable Transformation: 1
Thermostat: 1
Interaction: 0
Nose-Hoover Length: 5
Order of Suzuki-Yoshida Factorization: 6
Number of Nose-Hoover Steps: 5

Outputting scalar data to data/traces/scalarTrace-1-1-32-10.0-0.1-1.0-1-1-1000000-1-1-0-5-6-5.dat.

Outputting Grr data to data/traces/GrrTrace-1-1-32-10.0-0.1-1.0-1-1-1000000-1-1-0-5-6-5.dat

Outputting Density data to data/traces/RDenTrace-1-1-32-10.0-0.1-1.0-1-1-1000000-1-1-0-5-6-5.dat

Running Simulation:
0.0000e+00%
1.0000e+01%
2.0000e+01%
3.0000e+01%
4.0000e+01%
5.0000e+01%
6.0000e+01%
7.0000e+01%
8.0000e+01%
9.0000e+01%
1.0000e+02%

Scalar Estimates:
t: 3.3132e+07 (3.3809e+05)
PE: 4.9132e-01 (2.5286e-03)
VE: 4.9670e-01 (2.2255e-03)
R: 9.5201e-04 (8.0684e-04)
R2: 4.9538e-01 (2.2385e-03)
BS: 5.0141e-01 (8.3613e-04)

Done.

