
Running simulation 7 from inputs/NHT1.in ( Nose Hoover Testing ) ...

Number of Particles: 1
Dimension: 1
Number of Time Slices: 32
Inverse temperature (beta): 1
Simulation Time Step: 0.1
Simulation Box Size: 1
# of Bins per D: 1
Number of Equilibration Sweeps: 1
Number of Recording Sweeps: 1000000
Variable Transformation: 1
Thermostat: 1
Interaction: 0
Nose-Hoover Length: 3
Order of Suzuki-Yoshida Factorization: 4
Number of Nose-Hoover Steps: 2

Outputting scalar data to data/traces/scalarTrace-1-1-32-1.0-0.1-1.0-1-1-1000000-1-1-0-3-4-2.dat.

Outputting Grr data to data/traces/GrrTrace-1-1-32-1.0-0.1-1.0-1-1-1000000-1-1-0-3-4-2.dat

Outputting Density data to data/traces/RDenTrace-1-1-32-1.0-0.1-1.0-1-1-1000000-1-1-0-3-4-2.dat

Running Simulation:
0.0000e+00%
1.0000e+01%
2.0000e+01%
3.0000e+01%
4.0000e+01%
5.0000e+01%
6.0000e+01%
7.0000e+01%
8.0000e+01%
9.0000e+01%
1.0000e+02%

Scalar Estimates:
t: 3.2140e+06 (3.2800e+04)
PE: -2.5658e-01 (8.4756e-03)
VE: 1.0906e+00 (2.9811e-03)
R: -1.7771e-03 (4.5712e-03)
R2: 1.1006e+00 (5.7863e-03)
BS: 2.3807e-01 (3.2265e-04)

Done.

