
Running simulation 35 from inputs/NHT1.in ( Nose Hoover Testing ) ...

Number of Particles: 1
Dimension: 1
Number of Time Slices: 32
Inverse temperature (beta): 1
Simulation Time Step: 0.1
Simulation Box Size: 1
# of Bins per D: 1
Number of Equilibration Sweeps: 1
Number of Recording Sweeps: 1000000
Variable Transformation: 1
Thermostat: 1
Interaction: 0
Nose-Hoover Length: 4
Order of Suzuki-Yoshida Factorization: 6
Number of Nose-Hoover Steps: 5

Outputting scalar data to data/traces/scalarTrace-1-1-32-1.0-0.1-1.0-1-1-1000000-1-1-0-4-6-5.dat.

Outputting Grr data to data/traces/GrrTrace-1-1-32-1.0-0.1-1.0-1-1-1000000-1-1-0-4-6-5.dat

Outputting Density data to data/traces/RDenTrace-1-1-32-1.0-0.1-1.0-1-1-1000000-1-1-0-4-6-5.dat

Running Simulation:
0.0000e+00%
1.0000e+01%
2.0000e+01%
3.0000e+01%
4.0000e+01%
5.0000e+01%
6.0000e+01%
7.0000e+01%
8.0000e+01%
9.0000e+01%
1.0000e+02%

Scalar Estimates:
t: 2.5564e+07 (2.6086e+05)
PE: -2.6807e-01 (6.2966e-03)
VE: 1.0878e+00 (2.3292e-03)
R: -7.5401e-03 (3.9890e-03)
R2: 1.0953e+00 (4.4943e-03)
BS: 2.3818e-01 (2.8742e-04)

Done.

