
Running simulation 7 from inputs/NM32.in ( M = 32, Normal Mode ) ...

Number of Particles: 2
Dimension: 1
Number of Time Slices: 32
Inverse temperature (beta): 4
Simulation Time Step: 0.01
Simulation Box Size: 10
# of Bins per D: 100
Number of Equilibration Sweeps: 1000
Number of Recording Sweeps: 100000
Variable Transformation: 2
Thermostat: 2
Interaction: 0
Nose-Hoover Length: 3
Order of Suzuki-Yoshida Factorization: 4
Number of Nose-Hoover Steps: 5

Outputting scalar data to data/traces/scalarTrace-2-1-32-4.0-0.01-10.0-100-1000-100000-2-2-0-3-4-5.dat.

Outputting Grr data to data/traces/GrrTrace-2-1-32-4.0-0.01-10.0-100-1000-100000-2-2-0-3-4-5.dat

Outputting Density data to data/traces/RDenTrace-2-1-32-4.0-0.01-10.0-100-1000-100000-2-2-0-3-4-5.dat

Running Simulation:
0.0000e+00%
1.0000e+01%
2.0000e+01%
3.0000e+01%
4.0000e+01%
5.0000e+01%
6.0000e+01%
7.0000e+01%
8.0000e+01%
9.0000e+01%

Scalar Estimates:
t: 2.2750e+03 (2.8198e+00)
PE: 1.0168e+00 (5.5104e-02)
VE: 9.9373e-01 (1.6046e-02)
R: 2.6265e-02 (1.8560e-02)
R2: 5.1508e-01 (1.4496e-02)
BS: 4.1045e-01 (2.7920e-03)

Done.

