
Running simulation 6 from inputs/NM32.in ( Normal Mode ) ...

Number of Particles: 3
Dimension: 1
Number of Time Slices: 32
Inverse temperature (beta): 5
Simulation Time Step: 0.01
Simulation Box Size: 10
# of Bins per D: 100
Number of Equilibration Sweeps: 1000
Number of Recording Sweeps: 1000000
Variable Transformation: 2
Thermostat: 2
Interaction: 0
Nose-Hoover Length: 3
Order of Suzuki-Yoshida Factorization: 4
Number of Nose-Hoover Steps: 5

Outputting scalar data to data/traces/scalarTrace-3-1-32-5.0-0.01-10.0-100-1000-1000000-2-2-0-3-4-5.dat.

Outputting Grr data to data/traces/GrrTrace-3-1-32-5.0-0.01-10.0-100-1000-1000000-2-2-0-3-4-5.dat

Outputting Density data to data/traces/RDenTrace-3-1-32-5.0-0.01-10.0-100-1000-1000000-2-2-0-3-4-5.dat

Running Simulation:
0.0000e+00%
1.0000e+01%
2.0000e+01%
3.0000e+01%
4.0000e+01%
5.0000e+01%
6.0000e+01%
7.0000e+01%
8.0000e+01%
9.0000e+01%

Scalar Estimates:
t: 2.4479e+06 (2.5051e+04)
PE: 1.5015e+00 (1.8446e-02)
VE: 1.4763e+00 (4.9878e-03)
R: -1.9719e-03 (3.5187e-03)
R2: 5.0587e-01 (2.4510e-03)
BS: 4.4175e-01 (1.0349e-03)

Done.

