
Running simulation 2 from inputs/NM32.in ( Normal Mode ) ...

Number of Particles: 3
Dimension: 1
Number of Time Slices: 32
Inverse temperature (beta): 9
Simulation Time Step: 0.01
Simulation Box Size: 10
# of Bins per D: 100
Number of Equilibration Sweeps: 1000
Number of Recording Sweeps: 1000000
Variable Transformation: 2
Thermostat: 2
Interaction: 0
Nose-Hoover Length: 3
Order of Suzuki-Yoshida Factorization: 4
Number of Nose-Hoover Steps: 5

Outputting scalar data to data/traces/scalarTrace-3-1-32-9.0-0.01-10.0-100-1000-1000000-2-2-0-3-4-5.dat.

Outputting Grr data to data/traces/GrrTrace-3-1-32-9.0-0.01-10.0-100-1000-1000000-2-2-0-3-4-5.dat

Outputting Density data to data/traces/RDenTrace-3-1-32-9.0-0.01-10.0-100-1000-1000000-2-2-0-3-4-5.dat

Running Simulation:
0.0000e+00%
1.0000e+01%
2.0000e+01%
3.0000e+01%
4.0000e+01%
5.0000e+01%
6.0000e+01%
7.0000e+01%
8.0000e+01%
9.0000e+01%

Scalar Estimates:
t: 2.4378e+06 (2.4920e+04)
PE: 1.4867e+00 (1.2916e-02)
VE: 1.4864e+00 (5.7532e-03)
R: -1.4699e-03 (2.6227e-03)
R2: 4.9586e-01 (2.0239e-03)
BS: 4.9508e-01 (1.1039e-03)

Done.

