
Running simulation 3 from inputs/NM32.in ( M = 32, Normal Mode ) ...

Number of Particles: 2
Dimension: 1
Number of Time Slices: 32
Inverse temperature (beta): 8
Simulation Time Step: 0.01
Simulation Box Size: 10
# of Bins per D: 100
Number of Equilibration Sweeps: 1000
Number of Recording Sweeps: 100000
Variable Transformation: 2
Thermostat: 2
Interaction: 0
Nose-Hoover Length: 3
Order of Suzuki-Yoshida Factorization: 4
Number of Nose-Hoover Steps: 5

Outputting scalar data to data/traces/scalarTrace-2-1-32-8.0-0.01-10.0-100-1000-100000-2-2-0-3-4-5.dat.

Outputting Grr data to data/traces/GrrTrace-2-1-32-8.0-0.01-10.0-100-1000-100000-2-2-0-3-4-5.dat

Outputting Density data to data/traces/RDenTrace-2-1-32-8.0-0.01-10.0-100-1000-100000-2-2-0-3-4-5.dat

Running Simulation:
0.0000e+00%
1.0000e+01%
2.0000e+01%
3.0000e+01%
4.0000e+01%
5.0000e+01%
6.0000e+01%
7.0000e+01%
8.0000e+01%
9.0000e+01%

Scalar Estimates:
t: 2.3465e+03 (2.7208e+00)
PE: 9.3769e-01 (3.2116e-02)
VE: 9.5671e-01 (1.3952e-02)
R: 1.4195e-02 (1.1651e-02)
R2: 4.7530e-01 (7.0021e-03)
BS: 4.8311e-01 (3.6068e-03)

Done.

