
Running simulation 2 from inputs/NT32.in ( No Transformation ) ...

Number of Particles: 3
Dimension: 1
Number of Time Slices: 32
Inverse temperature (beta): 9
Simulation Time Step: 0.01
Simulation Box Size: 10
# of Bins per D: 100
Number of Equilibration Sweeps: 1000
Number of Recording Sweeps: 1000000
Variable Transformation: 0
Thermostat: 2
Interaction: 0
Nose-Hoover Length: 3
Order of Suzuki-Yoshida Factorization: 4
Number of Nose-Hoover Steps: 5

Outputting scalar data to data/traces/scalarTrace-3-1-32-9.0-0.01-10.0-100-1000-1000000-0-2-0-3-4-5.dat.

Outputting Grr data to data/traces/GrrTrace-3-1-32-9.0-0.01-10.0-100-1000-1000000-0-2-0-3-4-5.dat

Outputting Density data to data/traces/RDenTrace-3-1-32-9.0-0.01-10.0-100-1000-1000000-0-2-0-3-4-5.dat

Running Simulation:
0.0000e+00%
1.0000e+01%
2.0000e+01%
3.0000e+01%
4.0000e+01%
5.0000e+01%
6.0000e+01%
7.0000e+01%
8.0000e+01%
9.0000e+01%

Scalar Estimates:
t: 8.2394e+05 (8.4349e+03)
PE: 1.4969e+00 (1.2902e-02)
VE: 1.4809e+00 (1.4244e-02)
R: -1.6604e-02 (1.5383e-02)
R2: 4.9643e-01 (5.8583e-03)
BS: 4.9382e-01 (2.8007e-03)

Done.

