
Running simulation 5 from inputs/NT32.in ( No Transformation ) ...

Number of Particles: 3
Dimension: 1
Number of Time Slices: 32
Inverse temperature (beta): 6
Simulation Time Step: 0.01
Simulation Box Size: 10
# of Bins per D: 100
Number of Equilibration Sweeps: 1000
Number of Recording Sweeps: 1000000
Variable Transformation: 0
Thermostat: 2
Interaction: 0
Nose-Hoover Length: 3
Order of Suzuki-Yoshida Factorization: 4
Number of Nose-Hoover Steps: 5

Outputting scalar data to data/traces/scalarTrace-3-1-32-6.0-0.01-10.0-100-1000-1000000-0-2-0-3-4-5.dat.

Outputting Grr data to data/traces/GrrTrace-3-1-32-6.0-0.01-10.0-100-1000-1000000-0-2-0-3-4-5.dat

Outputting Density data to data/traces/RDenTrace-3-1-32-6.0-0.01-10.0-100-1000-1000000-0-2-0-3-4-5.dat

Running Simulation:
0.0000e+00%
1.0000e+01%
2.0000e+01%
3.0000e+01%
4.0000e+01%
5.0000e+01%
6.0000e+01%
7.0000e+01%
8.0000e+01%
9.0000e+01%

Scalar Estimates:
t: 8.1475e+05 (8.3266e+03)
PE: 1.5072e+00 (1.7899e-02)
VE: 1.4651e+00 (1.5018e-02)
R: -2.0862e-02 (1.8787e-02)
R2: 5.0050e-01 (7.7708e-03)
BS: 4.5893e-01 (2.7027e-03)

Done.

