
Running simulation 9 from inputs/NT32.in ( No Transformation ) ...

Number of Particles: 3
Dimension: 1
Number of Time Slices: 32
Inverse temperature (beta): 2
Simulation Time Step: 0.01
Simulation Box Size: 10
# of Bins per D: 100
Number of Equilibration Sweeps: 1000
Number of Recording Sweeps: 1000000
Variable Transformation: 0
Thermostat: 2
Interaction: 0
Nose-Hoover Length: 3
Order of Suzuki-Yoshida Factorization: 4
Number of Nose-Hoover Steps: 5

Outputting scalar data to data/traces/scalarTrace-3-1-32-2.0-0.01-10.0-100-1000-1000000-0-2-0-3-4-5.dat.

Outputting Grr data to data/traces/GrrTrace-3-1-32-2.0-0.01-10.0-100-1000-1000000-0-2-0-3-4-5.dat

Outputting Density data to data/traces/RDenTrace-3-1-32-2.0-0.01-10.0-100-1000-1000000-0-2-0-3-4-5.dat

Running Simulation:
0.0000e+00%
1.0000e+01%
2.0000e+01%
3.0000e+01%
4.0000e+01%
5.0000e+01%
6.0000e+01%
7.0000e+01%
8.0000e+01%
9.0000e+01%

Scalar Estimates:
t: 8.1152e+05 (8.2857e+03)
PE: 2.0680e+00 (5.0895e-02)
VE: 1.9822e+00 (3.6318e-02)
R: 1.4235e-02 (3.2750e-02)
R2: 6.9378e-01 (2.2349e-02)
BS: 3.1622e-01 (1.1683e-03)

Done.

