
Running simulation 9 from inputs/Staging32.in ( Staging ) ...

Number of Particles: 3
Dimension: 1
Number of Time Slices: 32
Inverse temperature (beta): 2
Simulation Time Step: 0.01
Simulation Box Size: 10
# of Bins per D: 100
Number of Equilibration Sweeps: 1000
Number of Recording Sweeps: 1000000
Variable Transformation: 1
Thermostat: 2
Interaction: 0
Nose-Hoover Length: 3
Order of Suzuki-Yoshida Factorization: 4
Number of Nose-Hoover Steps: 5

Outputting scalar data to data/traces/scalarTrace-3-1-32-2.0-0.01-10.0-100-1000-1000000-1-2-0-3-4-5.dat.

Outputting Grr data to data/traces/GrrTrace-3-1-32-2.0-0.01-10.0-100-1000-1000000-1-2-0-3-4-5.dat

Outputting Density data to data/traces/RDenTrace-3-1-32-2.0-0.01-10.0-100-1000-1000000-1-2-0-3-4-5.dat

Running Simulation:
0.0000e+00%
1.0000e+01%
2.0000e+01%
3.0000e+01%
4.0000e+01%
5.0000e+01%
6.0000e+01%
7.0000e+01%
8.0000e+01%
9.0000e+01%

Scalar Estimates:
t: 8.6747e+05 (8.9130e+03)
PE: 1.9831e+00 (4.4842e-02)
VE: 1.9287e+00 (1.0652e-02)
R: -3.8362e-03 (5.7570e-03)
R2: 6.6054e-01 (6.4131e-03)
BS: 3.1537e-01 (7.1471e-04)

Done.

